{"meta": {"format": 3, "version": "7.13.5", "timestamp": "2026-03-31T21:01:20.179894", "branch_coverage": false, "show_contexts": false}, "files": {"configs/__init__.py": {"executed_lines": [], "summary": {"covered_lines": 0, "num_statements": 0, "percent_covered": 100.0, "percent_covered_display": "100", "missing_lines": 0, "excluded_lines": 0, "percent_statements_covered": 100.0, "percent_statements_covered_display": "100"}, "missing_lines": [], "excluded_lines": [], "functions": {"": {"executed_lines": [], "summary": {"covered_lines": 0, "num_statements": 0, "percent_covered": 100.0, "percent_covered_display": "100", "missing_lines": 0, "excluded_lines": 0, "percent_statements_covered": 100.0, "percent_statements_covered_display": "100"}, "missing_lines": [], "excluded_lines": [], "start_line": 1}}, "classes": {"": {"executed_lines": [], "summary": {"covered_lines": 0, "num_statements": 0, "percent_covered": 100.0, "percent_covered_display": "100", "missing_lines": 0, "excluded_lines": 0, "percent_statements_covered": 100.0, "percent_statements_covered_display": "100"}, "missing_lines": [], "excluded_lines": [], "start_line": 1}}}, "pipeline/__init__.py": {"executed_lines": [], "summary": {"covered_lines": 0, "num_statements": 0, "percent_covered": 100.0, "percent_covered_display": "100", "missing_lines": 0, "excluded_lines": 0, "percent_statements_covered": 100.0, "percent_statements_covered_display": "100"}, "missing_lines": [], "excluded_lines": [], "functions": {"": {"executed_lines": [], "summary": {"covered_lines": 0, "num_statements": 0, "percent_covered": 100.0, "percent_covered_display": "100", "missing_lines": 0, "excluded_lines": 0, "percent_statements_covered": 100.0, "percent_statements_covered_display": "100"}, "missing_lines": [], "excluded_lines": [], "start_line": 1}}, "classes": {"": {"executed_lines": [], "summary": {"covered_lines": 0, "num_statements": 0, "percent_covered": 100.0, "percent_covered_display": "100", "missing_lines": 0, "excluded_lines": 0, "percent_statements_covered": 100.0, "percent_statements_covered_display": "100"}, "missing_lines": [], "excluded_lines": [], "start_line": 1}}}, "pipeline/ci/__init__.py": {"executed_lines": [], "summary": {"covered_lines": 0, "num_statements": 0, "percent_covered": 100.0, "percent_covered_display": "100", "missing_lines": 0, "excluded_lines": 0, "percent_statements_covered": 100.0, "percent_statements_covered_display": "100"}, "missing_lines": [], "excluded_lines": [], "functions": {"": {"executed_lines": [], "summary": {"covered_lines": 0, "num_statements": 0, "percent_covered": 100.0, "percent_covered_display": "100", "missing_lines": 0, "excluded_lines": 0, "percent_statements_covered": 100.0, "percent_statements_covered_display": "100"}, "missing_lines": [], "excluded_lines": [], "start_line": 1}}, "classes": {"": {"executed_lines": [], "summary": {"covered_lines": 0, "num_statements": 0, "percent_covered": 100.0, "percent_covered_display": "100", "missing_lines": 0, "excluded_lines": 0, "percent_statements_covered": 100.0, "percent_statements_covered_display": "100"}, "missing_lines": [], "excluded_lines": [], "start_line": 1}}}, "pipeline/ci/load_image_config.py": {"executed_lines": [3, 5, 6, 7, 8, 10, 13, 15, 16, 17, 18, 19, 21, 27, 28, 30, 31, 32, 34, 35], "summary": {"covered_lines": 20, "num_statements": 20, "percent_covered": 100.0, "percent_covered_display": "100", "missing_lines": 0, "excluded_lines": 2, "percent_statements_covered": 100.0, "percent_statements_covered_display": "100"}, "missing_lines": [], "excluded_lines": [38, 39], "functions": {"main": {"executed_lines": [15, 16, 17, 18, 19, 21, 27, 28, 30, 31, 32, 34, 35], "summary": {"covered_lines": 13, "num_statements": 13, "percent_covered": 100.0, "percent_covered_display": "100", "missing_lines": 0, "excluded_lines": 0, "percent_statements_covered": 100.0, "percent_statements_covered_display": "100"}, "missing_lines": [], "excluded_lines": [], "start_line": 13}, "": {"executed_lines": [3, 5, 6, 7, 8, 10, 13], "summary": {"covered_lines": 7, "num_statements": 7, "percent_covered": 100.0, "percent_covered_display": "100", "missing_lines": 0, "excluded_lines": 2, "percent_statements_covered": 100.0, "percent_statements_covered_display": "100"}, "missing_lines": [], "excluded_lines": [38, 39], "start_line": 1}}, "classes": {"": {"executed_lines": [3, 5, 6, 7, 8, 10, 13, 15, 16, 17, 18, 19, 21, 27, 28, 30, 31, 32, 34, 35], "summary": {"covered_lines": 20, "num_statements": 20, "percent_covered": 100.0, "percent_covered_display": "100", "missing_lines": 0, "excluded_lines": 2, "percent_statements_covered": 100.0, "percent_statements_covered_display": "100"}, "missing_lines": [], "excluded_lines": [38, 39], "start_line": 1}}}, "pipeline/ci/materialize_spec.py": {"executed_lines": [], "summary": {"covered_lines": 0, "num_statements": 21, "percent_covered": 0.0, "percent_covered_display": "0", "missing_lines": 21, "excluded_lines": 2, "percent_statements_covered": 0.0, "percent_statements_covered_display": "0"}, "missing_lines": [4, 6, 7, 9, 10, 11, 14, 16, 17, 18, 20, 21, 22, 24, 25, 26, 28, 29, 30, 32, 33], "excluded_lines": [36, 37], "functions": {"main": {"executed_lines": [], "summary": {"covered_lines": 0, "num_statements": 14, "percent_covered": 0.0, "percent_covered_display": "0", "missing_lines": 14, "excluded_lines": 0, "percent_statements_covered": 0.0, "percent_statements_covered_display": "0"}, "missing_lines": [16, 17, 18, 20, 21, 22, 24, 25, 26, 28, 29, 30, 32, 33], "excluded_lines": [], "start_line": 14}, "": {"executed_lines": [], "summary": {"covered_lines": 0, "num_statements": 7, "percent_covered": 0.0, "percent_covered_display": "0", "missing_lines": 7, "excluded_lines": 2, "percent_statements_covered": 0.0, "percent_statements_covered_display": "0"}, "missing_lines": [4, 6, 7, 9, 10, 11, 14], "excluded_lines": [36, 37], "start_line": 1}}, "classes": {"": {"executed_lines": [], "summary": {"covered_lines": 0, "num_statements": 21, "percent_covered": 0.0, "percent_covered_display": "0", "missing_lines": 21, "excluded_lines": 2, "percent_statements_covered": 0.0, "percent_statements_covered_display": "0"}, "missing_lines": [4, 6, 7, 9, 10, 11, 14, 16, 17, 18, 20, 21, 22, 24, 25, 26, 28, 29, 30, 32, 33], "excluded_lines": [36, 37], "start_line": 1}}}, "pipeline/ci/validate_shard.py": {"executed_lines": [12, 14, 15, 16, 18, 20, 22, 25, 35, 36, 38, 39, 40, 41, 43, 44, 45, 46, 47, 48, 50, 51, 52, 54, 57, 59, 63, 64, 66, 67, 69, 70, 71, 72, 74, 75], "summary": {"covered_lines": 36, "num_statements": 38, "percent_covered": 94.73684210526316, "percent_covered_display": "95", "missing_lines": 2, "excluded_lines": 2, "percent_statements_covered": 94.73684210526316, "percent_statements_covered_display": "95"}, "missing_lines": [60, 61], "excluded_lines": [78, 79], "functions": {"validate_shard": {"executed_lines": [35, 36, 38, 39, 40, 41, 43, 44, 45, 46, 47, 48, 50, 51, 52, 54], "summary": {"covered_lines": 16, "num_statements": 16, "percent_covered": 100.0, "percent_covered_display": "100", "missing_lines": 0, "excluded_lines": 0, "percent_statements_covered": 100.0, "percent_statements_covered_display": "100"}, "missing_lines": [], "excluded_lines": [], "start_line": 25}, "main": {"executed_lines": [59, 63, 64, 66, 67, 69, 70, 71, 72, 74, 75], "summary": {"covered_lines": 11, "num_statements": 13, "percent_covered": 84.61538461538461, "percent_covered_display": "85", "missing_lines": 2, "excluded_lines": 0, "percent_statements_covered": 84.61538461538461, "percent_statements_covered_display": "85"}, "missing_lines": [60, 61], "excluded_lines": [], "start_line": 57}, "": {"executed_lines": [12, 14, 15, 16, 18, 20, 22, 25, 57], "summary": {"covered_lines": 9, "num_statements": 9, "percent_covered": 100.0, "percent_covered_display": "100", "missing_lines": 0, "excluded_lines": 2, "percent_statements_covered": 100.0, "percent_statements_covered_display": "100"}, "missing_lines": [], "excluded_lines": [78, 79], "start_line": 1}}, "classes": {"": {"executed_lines": [12, 14, 15, 16, 18, 20, 22, 25, 35, 36, 38, 39, 40, 41, 43, 44, 45, 46, 47, 48, 50, 51, 52, 54, 57, 59, 63, 64, 66, 67, 69, 70, 71, 72, 74, 75], "summary": {"covered_lines": 36, "num_statements": 38, "percent_covered": 94.73684210526316, "percent_covered_display": "95", "missing_lines": 2, "excluded_lines": 2, "percent_statements_covered": 94.73684210526316, "percent_statements_covered_display": "95"}, "missing_lines": [60, 61], "excluded_lines": [78, 79], "start_line": 1}}}, "pipeline/ci/validate_spec.py": {"executed_lines": [8, 10, 11, 12, 14, 39, 46, 48, 49, 50, 52, 53, 54, 56, 57, 59, 60, 62, 65, 72, 74, 75, 76, 78, 79, 80, 82, 83, 84, 85, 87, 94, 95, 96, 99, 102], "summary": {"covered_lines": 36, "num_statements": 64, "percent_covered": 56.25, "percent_covered_display": "56", "missing_lines": 28, "excluded_lines": 2, "percent_statements_covered": 56.25, "percent_statements_covered_display": "56"}, "missing_lines": [97, 104, 105, 106, 108, 109, 111, 113, 114, 115, 116, 117, 118, 119, 121, 122, 123, 124, 125, 126, 127, 128, 129, 130, 132, 133, 134, 135], "excluded_lines": [138, 139], "functions": {"validate_structure": {"executed_lines": [46, 48, 49, 50, 52, 53, 54, 56, 57, 59, 60, 62], "summary": {"covered_lines": 12, "num_statements": 12, "percent_covered": 100.0, "percent_covered_display": "100", "missing_lines": 0, "excluded_lines": 0, "percent_statements_covered": 100.0, "percent_statements_covered_display": "100"}, "missing_lines": [], "excluded_lines": [], "start_line": 39}, "validate_test_values": {"executed_lines": [72, 74, 75, 76, 78, 79, 80, 82, 83, 84, 85, 87, 94, 95, 96, 99], "summary": {"covered_lines": 16, "num_statements": 17, "percent_covered": 94.11764705882354, "percent_covered_display": "94", "missing_lines": 1, "excluded_lines": 0, "percent_statements_covered": 94.11764705882354, "percent_statements_covered_display": "94"}, "missing_lines": [97], "excluded_lines": [], "start_line": 65}, "main": {"executed_lines": [], "summary": {"covered_lines": 0, "num_statements": 27, "percent_covered": 0.0, "percent_covered_display": "0", "missing_lines": 27, "excluded_lines": 0, "percent_statements_covered": 0.0, "percent_statements_covered_display": "0"}, "missing_lines": [104, 105, 106, 108, 109, 111, 113, 114, 115, 116, 117, 118, 119, 121, 122, 123, 124, 125, 126, 127, 128, 129, 130, 132, 133, 134, 135], "excluded_lines": [], "start_line": 102}, "": {"executed_lines": [8, 10, 11, 12, 14, 39, 65, 102], "summary": {"covered_lines": 8, "num_statements": 8, "percent_covered": 100.0, "percent_covered_display": "100", "missing_lines": 0, "excluded_lines": 2, "percent_statements_covered": 100.0, "percent_statements_covered_display": "100"}, "missing_lines": [], "excluded_lines": [138, 139], "start_line": 1}}, "classes": {"": {"executed_lines": [8, 10, 11, 12, 14, 39, 46, 48, 49, 50, 52, 53, 54, 56, 57, 59, 60, 62, 65, 72, 74, 75, 76, 78, 79, 80, 82, 83, 84, 85, 87, 94, 95, 96, 99, 102], "summary": {"covered_lines": 36, "num_statements": 64, "percent_covered": 56.25, "percent_covered_display": "56", "missing_lines": 28, "excluded_lines": 2, "percent_statements_covered": 56.25, "percent_statements_covered_display": "56"}, "missing_lines": [97, 104, 105, 106, 108, 109, 111, 113, 114, 115, 116, 117, 118, 119, 121, 122, 123, 124, 125, 126, 127, 128, 129, 130, 132, 133, 134, 135], "excluded_lines": [138, 139], "start_line": 1}}}, "pipeline/constants.py": {"executed_lines": [7, 10], "summary": {"covered_lines": 2, "num_statements": 2, "percent_covered": 100.0, "percent_covered_display": "100", "missing_lines": 0, "excluded_lines": 0, "percent_statements_covered": 100.0, "percent_statements_covered_display": "100"}, "missing_lines": [], "excluded_lines": [], "functions": {"": {"executed_lines": [7, 10], "summary": {"covered_lines": 2, "num_statements": 2, "percent_covered": 100.0, "percent_covered_display": "100", "missing_lines": 0, "excluded_lines": 0, "percent_statements_covered": 100.0, "percent_statements_covered_display": "100"}, "missing_lines": [], "excluded_lines": [], "start_line": 1}}, "classes": {"": {"executed_lines": [7, 10], "summary": {"covered_lines": 2, "num_statements": 2, "percent_covered": 100.0, "percent_covered_display": "100", "missing_lines": 0, "excluded_lines": 0, "percent_statements_covered": 100.0, "percent_statements_covered_display": "100"}, "missing_lines": [], "excluded_lines": [], "start_line": 1}}}, "pipeline/entrypoints/__init__.py": {"executed_lines": [], "summary": {"covered_lines": 0, "num_statements": 0, "percent_covered": 100.0, "percent_covered_display": "100", "missing_lines": 0, "excluded_lines": 0, "percent_statements_covered": 100.0, "percent_statements_covered_display": "100"}, "missing_lines": [], "excluded_lines": [], "functions": {"": {"executed_lines": [], "summary": {"covered_lines": 0, "num_statements": 0, "percent_covered": 100.0, "percent_covered_display": "100", "missing_lines": 0, "excluded_lines": 0, "percent_statements_covered": 100.0, "percent_statements_covered_display": "100"}, "missing_lines": [], "excluded_lines": [], "start_line": 1}}, "classes": {"": {"executed_lines": [], "summary": {"covered_lines": 0, "num_statements": 0, "percent_covered": 100.0, "percent_covered_display": "100", "missing_lines": 0, "excluded_lines": 0, "percent_statements_covered": 100.0, "percent_statements_covered_display": "100"}, "missing_lines": [], "excluded_lines": [], "start_line": 1}}}, "pipeline/entrypoints/generate_dataset.py": {"executed_lines": [16, 18, 19, 20, 21, 22, 24, 25, 26, 29, 34, 47, 49, 61, 67, 68, 70, 73, 84, 85, 87, 93, 94, 98, 101, 102, 103, 106, 107, 110, 111, 112, 113, 114, 115, 118, 120, 121, 123], "summary": {"covered_lines": 39, "num_statements": 40, "percent_covered": 97.5, "percent_covered_display": "98", "missing_lines": 1, "excluded_lines": 3, "percent_statements_covered": 97.5, "percent_statements_covered_display": "98"}, "missing_lines": [31], "excluded_lines": [88, 126, 127], "functions": {"_rclone_copy": {"executed_lines": [], "summary": {"covered_lines": 0, "num_statements": 1, "percent_covered": 0.0, "percent_covered_display": "0", "missing_lines": 1, "excluded_lines": 0, "percent_statements_covered": 0.0, "percent_statements_covered_display": "0"}, "missing_lines": [31], "excluded_lines": [], "start_line": 29}, "build_generate_args": {"executed_lines": [47, 49, 61, 67, 68, 70], "summary": {"covered_lines": 6, "num_statements": 6, "percent_covered": 100.0, "percent_covered_display": "100", "missing_lines": 0, "excluded_lines": 0, "percent_statements_covered": 100.0, "percent_statements_covered_display": "100"}, "missing_lines": [], "excluded_lines": [], "start_line": 34}, "run": {"executed_lines": [84, 85, 87, 93, 94, 98, 101, 102, 103, 106, 107, 110, 111, 112, 113, 114, 115], "summary": {"covered_lines": 17, "num_statements": 17, "percent_covered": 100.0, "percent_covered_display": "100", "missing_lines": 0, "excluded_lines": 1, "percent_statements_covered": 100.0, "percent_statements_covered_display": "100"}, "missing_lines": [], "excluded_lines": [88], "start_line": 73}, "main": {"executed_lines": [120, 121, 123], "summary": {"covered_lines": 3, "num_statements": 3, "percent_covered": 100.0, "percent_covered_display": "100", "missing_lines": 0, "excluded_lines": 0, "percent_statements_covered": 100.0, "percent_statements_covered_display": "100"}, "missing_lines": [], "excluded_lines": [], "start_line": 118}, "": {"executed_lines": [16, 18, 19, 20, 21, 22, 24, 25, 26, 29, 34, 73, 118], "summary": {"covered_lines": 13, "num_statements": 13, "percent_covered": 100.0, "percent_covered_display": "100", "missing_lines": 0, "excluded_lines": 2, "percent_statements_covered": 100.0, "percent_statements_covered_display": "100"}, "missing_lines": [], "excluded_lines": [126, 127], "start_line": 1}}, "classes": {"": {"executed_lines": [16, 18, 19, 20, 21, 22, 24, 25, 26, 29, 34, 47, 49, 61, 67, 68, 70, 73, 84, 85, 87, 93, 94, 98, 101, 102, 103, 106, 107, 110, 111, 112, 113, 114, 115, 118, 120, 121, 123], "summary": {"covered_lines": 39, "num_statements": 40, "percent_covered": 97.5, "percent_covered_display": "98", "missing_lines": 1, "excluded_lines": 3, "percent_statements_covered": 97.5, "percent_statements_covered_display": "98"}, "missing_lines": [31], "excluded_lines": [88, 126, 127], "start_line": 1}}}, "pipeline/schemas/__init__.py": {"executed_lines": [], "summary": {"covered_lines": 0, "num_statements": 0, "percent_covered": 100.0, "percent_covered_display": "100", "missing_lines": 0, "excluded_lines": 0, "percent_statements_covered": 100.0, "percent_statements_covered_display": "100"}, "missing_lines": [], "excluded_lines": [], "functions": {"": {"executed_lines": [], "summary": {"covered_lines": 0, "num_statements": 0, "percent_covered": 100.0, "percent_covered_display": "100", "missing_lines": 0, "excluded_lines": 0, "percent_statements_covered": 100.0, "percent_statements_covered_display": "100"}, "missing_lines": [], "excluded_lines": [], "start_line": 1}}, "classes": {"": {"executed_lines": [], "summary": {"covered_lines": 0, "num_statements": 0, "percent_covered": 100.0, "percent_covered_display": "100", "missing_lines": 0, "excluded_lines": 0, "percent_statements_covered": 100.0, "percent_statements_covered_display": "100"}, "missing_lines": [], "excluded_lines": [], "start_line": 1}}}, "pipeline/schemas/config.py": {"executed_lines": [1, 3, 4, 6, 7, 9, 12, 15, 17, 18, 19, 22, 25, 27, 28, 29, 30, 31, 32, 33, 34, 35, 36, 37, 38, 39, 40, 42, 43, 45, 46, 47, 48, 50, 51, 53, 54, 55, 56, 57, 59, 61, 63, 64, 65, 67, 69, 72, 74, 75, 76, 77, 78, 79, 80, 83, 85], "summary": {"covered_lines": 57, "num_statements": 62, "percent_covered": 91.93548387096774, "percent_covered_display": "92", "missing_lines": 5, "excluded_lines": 0, "percent_statements_covered": 91.93548387096774, "percent_statements_covered_display": "92"}, "missing_lines": [58, 60, 62, 66, 68], "excluded_lines": [], "functions": {"DatasetConfig._splits_sum_to_num_shards": {"executed_lines": [45, 46, 47, 48], "summary": {"covered_lines": 4, "num_statements": 4, "percent_covered": 100.0, "percent_covered_display": "100", "missing_lines": 0, "excluded_lines": 0, "percent_statements_covered": 100.0, "percent_statements_covered_display": "100"}, "missing_lines": [], "excluded_lines": [], "start_line": 43}, "DatasetConfig._positive_sizes": {"executed_lines": [53, 54, 55, 56, 57, 59, 61, 63, 64, 65, 67, 69], "summary": {"covered_lines": 12, "num_statements": 17, "percent_covered": 70.58823529411765, "percent_covered_display": "71", "missing_lines": 5, "excluded_lines": 0, "percent_statements_covered": 70.58823529411765, "percent_statements_covered_display": "71"}, "missing_lines": [58, 60, 62, 66, 68], "excluded_lines": [], "start_line": 51}, "load_dataset_config": {"executed_lines": [74, 75, 76, 77, 78, 79, 80], "summary": {"covered_lines": 7, "num_statements": 7, "percent_covered": 100.0, "percent_covered_display": "100", "missing_lines": 0, "excluded_lines": 0, "percent_statements_covered": 100.0, "percent_statements_covered_display": "100"}, "missing_lines": [], "excluded_lines": [], "start_line": 72}, "dataset_config_id_from_path": {"executed_lines": [85], "summary": {"covered_lines": 1, "num_statements": 1, "percent_covered": 100.0, "percent_covered_display": "100", "missing_lines": 0, "excluded_lines": 0, "percent_statements_covered": 100.0, "percent_statements_covered_display": "100"}, "missing_lines": [], "excluded_lines": [], "start_line": 83}, "": {"executed_lines": [1, 3, 4, 6, 7, 9, 12, 15, 17, 18, 19, 22, 25, 27, 28, 29, 30, 31, 32, 33, 34, 35, 36, 37, 38, 39, 40, 42, 43, 50, 51, 72, 83], "summary": {"covered_lines": 33, "num_statements": 33, "percent_covered": 100.0, "percent_covered_display": "100", "missing_lines": 0, "excluded_lines": 0, "percent_statements_covered": 100.0, "percent_statements_covered_display": "100"}, "missing_lines": [], "excluded_lines": [], "start_line": 1}}, "classes": {"SplitsConfig": {"executed_lines": [], "summary": {"covered_lines": 0, "num_statements": 0, "percent_covered": 100.0, "percent_covered_display": "100", "missing_lines": 0, "excluded_lines": 0, "percent_statements_covered": 100.0, "percent_statements_covered_display": "100"}, "missing_lines": [], "excluded_lines": [], "start_line": 12}, "DatasetConfig": {"executed_lines": [45, 46, 47, 48, 53, 54, 55, 56, 57, 59, 61, 63, 64, 65, 67, 69], "summary": {"covered_lines": 16, "num_statements": 21, "percent_covered": 76.19047619047619, "percent_covered_display": "76", "missing_lines": 5, "excluded_lines": 0, "percent_statements_covered": 76.19047619047619, "percent_statements_covered_display": "76"}, "missing_lines": [58, 60, 62, 66, 68], "excluded_lines": [], "start_line": 22}, "": {"executed_lines": [1, 3, 4, 6, 7, 9, 12, 15, 17, 18, 19, 22, 25, 27, 28, 29, 30, 31, 32, 33, 34, 35, 36, 37, 38, 39, 40, 42, 43, 50, 51, 72, 74, 75, 76, 77, 78, 79, 80, 83, 85], "summary": {"covered_lines": 41, "num_statements": 41, "percent_covered": 100.0, "percent_covered_display": "100", "missing_lines": 0, "excluded_lines": 0, "percent_statements_covered": 100.0, "percent_statements_covered_display": "100"}, "missing_lines": [], "excluded_lines": [], "start_line": 1}}}, "pipeline/schemas/image_config.py": {"executed_lines": [7, 9, 10, 12, 13, 15, 18, 27, 28, 29, 30, 31, 32, 33, 34, 35, 38, 39, 40, 42, 43, 44, 46, 47, 48, 50, 51, 52, 54, 55, 56, 58, 59, 60, 62, 63, 64, 67, 92, 93, 95, 97, 98, 100, 101, 105, 113], "summary": {"covered_lines": 47, "num_statements": 47, "percent_covered": 100.0, "percent_covered_display": "100", "missing_lines": 0, "excluded_lines": 0, "percent_statements_covered": 100.0, "percent_statements_covered_display": "100"}, "missing_lines": [], "excluded_lines": [], "functions": {"ImageConfig.github_sha_must_be_40_hex": {"executed_lines": [46, 47, 48], "summary": {"covered_lines": 3, "num_statements": 3, "percent_covered": 100.0, "percent_covered_display": "100", "missing_lines": 0, "excluded_lines": 0, "percent_statements_covered": 100.0, "percent_statements_covered_display": "100"}, "missing_lines": [], "excluded_lines": [], "start_line": 44}, "ImageConfig.issue_number_must_be_positive": {"executed_lines": [54, 55, 56], "summary": {"covered_lines": 3, "num_statements": 3, "percent_covered": 100.0, "percent_covered_display": "100", "missing_lines": 0, "excluded_lines": 0, "percent_statements_covered": 100.0, "percent_statements_covered_display": "100"}, "missing_lines": [], "excluded_lines": [], "start_line": 52}, "ImageConfig.must_not_be_blank": {"executed_lines": [62, 63, 64], "summary": {"covered_lines": 3, "num_statements": 3, "percent_covered": 100.0, "percent_covered_display": "100", "missing_lines": 0, "excluded_lines": 0, "percent_statements_covered": 100.0, "percent_statements_covered_display": "100"}, "missing_lines": [], "excluded_lines": [], "start_line": 60}, "load_image_config": {"executed_lines": [92, 93, 95, 97, 98, 100, 101, 105, 113], "summary": {"covered_lines": 9, "num_statements": 9, "percent_covered": 100.0, "percent_covered_display": "100", "missing_lines": 0, "excluded_lines": 0, "percent_statements_covered": 100.0, "percent_statements_covered_display": "100"}, "missing_lines": [], "excluded_lines": [], "start_line": 67}, "": {"executed_lines": [7, 9, 10, 12, 13, 15, 18, 27, 28, 29, 30, 31, 32, 33, 34, 35, 38, 39, 40, 42, 43, 44, 50, 51, 52, 58, 59, 60, 67], "summary": {"covered_lines": 29, "num_statements": 29, "percent_covered": 100.0, "percent_covered_display": "100", "missing_lines": 0, "excluded_lines": 0, "percent_statements_covered": 100.0, "percent_statements_covered_display": "100"}, "missing_lines": [], "excluded_lines": [], "start_line": 1}}, "classes": {"ImageConfig": {"executed_lines": [46, 47, 48, 54, 55, 56, 62, 63, 64], "summary": {"covered_lines": 9, "num_statements": 9, "percent_covered": 100.0, "percent_covered_display": "100", "missing_lines": 0, "excluded_lines": 0, "percent_statements_covered": 100.0, "percent_statements_covered_display": "100"}, "missing_lines": [], "excluded_lines": [], "start_line": 18}, "": {"executed_lines": [7, 9, 10, 12, 13, 15, 18, 27, 28, 29, 30, 31, 32, 33, 34, 35, 38, 39, 40, 42, 43, 44, 50, 51, 52, 58, 59, 60, 67, 92, 93, 95, 97, 98, 100, 101, 105, 113], "summary": {"covered_lines": 38, "num_statements": 38, "percent_covered": 100.0, "percent_covered_display": "100", "missing_lines": 0, "excluded_lines": 0, "percent_statements_covered": 100.0, "percent_statements_covered_display": "100"}, "missing_lines": [], "excluded_lines": [], "start_line": 1}}}, "pipeline/schemas/prefix.py": {"executed_lines": [1, 3, 4, 6, 7, 8, 11, 21, 22, 23, 24, 25, 26, 27, 28, 29, 32, 41], "summary": {"covered_lines": 18, "num_statements": 18, "percent_covered": 100.0, "percent_covered_display": "100", "missing_lines": 0, "excluded_lines": 0, "percent_statements_covered": 100.0, "percent_statements_covered_display": "100"}, "missing_lines": [], "excluded_lines": [], "functions": {"make_dataset_wandb_run_id": {"executed_lines": [21, 22, 23, 24, 25, 26, 27, 28, 29], "summary": {"covered_lines": 9, "num_statements": 9, "percent_covered": 100.0, "percent_covered_display": "100", "missing_lines": 0, "excluded_lines": 0, "percent_statements_covered": 100.0, "percent_statements_covered_display": "100"}, "missing_lines": [], "excluded_lines": [], "start_line": 11}, "make_r2_prefix": {"executed_lines": [41], "summary": {"covered_lines": 1, "num_statements": 1, "percent_covered": 100.0, "percent_covered_display": "100", "missing_lines": 0, "excluded_lines": 0, "percent_statements_covered": 100.0, "percent_statements_covered_display": "100"}, "missing_lines": [], "excluded_lines": [], "start_line": 32}, "": {"executed_lines": [1, 3, 4, 6, 7, 8, 11, 32], "summary": {"covered_lines": 8, "num_statements": 8, "percent_covered": 100.0, "percent_covered_display": "100", "missing_lines": 0, "excluded_lines": 0, "percent_statements_covered": 100.0, "percent_statements_covered_display": "100"}, "missing_lines": [], "excluded_lines": [], "start_line": 1}}, "classes": {"": {"executed_lines": [1, 3, 4, 6, 7, 8, 11, 21, 22, 23, 24, 25, 26, 27, 28, 29, 32, 41], "summary": {"covered_lines": 18, "num_statements": 18, "percent_covered": 100.0, "percent_covered_display": "100", "missing_lines": 0, "excluded_lines": 0, "percent_statements_covered": 100.0, "percent_statements_covered_display": "100"}, "missing_lines": [], "excluded_lines": [], "start_line": 1}}}, "pipeline/schemas/spec.py": {"executed_lines": [1, 3, 4, 5, 6, 7, 8, 10, 12, 13, 20, 23, 26, 28, 29, 30, 33, 36, 38, 39, 40, 41, 42, 43, 44, 45, 46, 47, 48, 49, 50, 51, 52, 53, 54, 55, 56, 57, 58, 60, 61, 63, 66, 79, 80, 83, 84, 85, 86, 88, 89, 90, 91, 96, 98, 105, 107, 113, 116, 118, 119, 122, 131, 132, 133, 135, 136, 146, 159, 162, 164, 173], "summary": {"covered_lines": 72, "num_statements": 76, "percent_covered": 94.73684210526316, "percent_covered_display": "95", "missing_lines": 4, "excluded_lines": 1, "percent_statements_covered": 94.73684210526316, "percent_statements_covered_display": "95"}, "missing_lines": [99, 100, 101, 102], "excluded_lines": [160], "functions": {"DatasetPipelineSpec.num_shards": {"executed_lines": [63], "summary": {"covered_lines": 1, "num_statements": 1, "percent_covered": 100.0, "percent_covered_display": "100", "missing_lines": 0, "excluded_lines": 0, "percent_statements_covered": 100.0, "percent_statements_covered_display": "100"}, "missing_lines": [], "excluded_lines": [], "start_line": 61}, "extract_renderer_version": {"executed_lines": [79, 80, 83, 84, 85, 86, 88, 89, 90, 91, 96, 98], "summary": {"covered_lines": 12, "num_statements": 16, "percent_covered": 75.0, "percent_covered_display": "75", "missing_lines": 4, "excluded_lines": 0, "percent_statements_covered": 75.0, "percent_statements_covered_display": "75"}, "missing_lines": [99, 100, 101, 102], "excluded_lines": [], "start_line": 66}, "_get_git_sha": {"executed_lines": [107, 113], "summary": {"covered_lines": 2, "num_statements": 2, "percent_covered": 100.0, "percent_covered_display": "100", "missing_lines": 0, "excluded_lines": 0, "percent_statements_covered": 100.0, "percent_statements_covered_display": "100"}, "missing_lines": [], "excluded_lines": [], "start_line": 105}, "_is_repo_dirty": {"executed_lines": [118, 119], "summary": {"covered_lines": 2, "num_statements": 2, "percent_covered": 100.0, "percent_covered_display": "100", "missing_lines": 0, "excluded_lines": 0, "percent_statements_covered": 100.0, "percent_statements_covered_display": "100"}, "missing_lines": [], "excluded_lines": [], "start_line": 116}, "materialize_spec": {"executed_lines": [131, 132, 133, 135, 136], "summary": {"covered_lines": 5, "num_statements": 5, "percent_covered": 100.0, "percent_covered_display": "100", "missing_lines": 0, "excluded_lines": 0, "percent_statements_covered": 100.0, "percent_statements_covered_display": "100"}, "missing_lines": [], "excluded_lines": [], "start_line": 122}, "_build_pipeline_spec": {"executed_lines": [159, 162, 164, 173], "summary": {"covered_lines": 4, "num_statements": 4, "percent_covered": 100.0, "percent_covered_display": "100", "missing_lines": 0, "excluded_lines": 1, "percent_statements_covered": 100.0, "percent_statements_covered_display": "100"}, "missing_lines": [], "excluded_lines": [160], "start_line": 146}, "": {"executed_lines": [1, 3, 4, 5, 6, 7, 8, 10, 12, 13, 20, 23, 26, 28, 29, 30, 33, 36, 38, 39, 40, 41, 42, 43, 44, 45, 46, 47, 48, 49, 50, 51, 52, 53, 54, 55, 56, 57, 58, 60, 61, 66, 105, 116, 122, 146], "summary": {"covered_lines": 46, "num_statements": 46, "percent_covered": 100.0, "percent_covered_display": "100", "missing_lines": 0, "excluded_lines": 0, "percent_statements_covered": 100.0, "percent_statements_covered_display": "100"}, "missing_lines": [], "excluded_lines": [], "start_line": 1}}, "classes": {"ShardSpec": {"executed_lines": [], "summary": {"covered_lines": 0, "num_statements": 0, "percent_covered": 100.0, "percent_covered_display": "100", "missing_lines": 0, "excluded_lines": 0, "percent_statements_covered": 100.0, "percent_statements_covered_display": "100"}, "missing_lines": [], "excluded_lines": [], "start_line": 23}, "DatasetPipelineSpec": {"executed_lines": [63], "summary": {"covered_lines": 1, "num_statements": 1, "percent_covered": 100.0, "percent_covered_display": "100", "missing_lines": 0, "excluded_lines": 0, "percent_statements_covered": 100.0, "percent_statements_covered_display": "100"}, "missing_lines": [], "excluded_lines": [], "start_line": 33}, "": {"executed_lines": [1, 3, 4, 5, 6, 7, 8, 10, 12, 13, 20, 23, 26, 28, 29, 30, 33, 36, 38, 39, 40, 41, 42, 43, 44, 45, 46, 47, 48, 49, 50, 51, 52, 53, 54, 55, 56, 57, 58, 60, 61, 66, 79, 80, 83, 84, 85, 86, 88, 89, 90, 91, 96, 98, 105, 107, 113, 116, 118, 119, 122, 131, 132, 133, 135, 136, 146, 159, 162, 164, 173], "summary": {"covered_lines": 71, "num_statements": 75, "percent_covered": 94.66666666666667, "percent_covered_display": "95", "missing_lines": 4, "excluded_lines": 1, "percent_statements_covered": 94.66666666666667, "percent_statements_covered_display": "95"}, "missing_lines": [99, 100, 101, 102], "excluded_lines": [160], "start_line": 1}}}, "scripts/r2_shard_report.py": {"executed_lines": [3, 5, 6, 7, 9, 12, 15, 16, 19, 22, 23, 24, 25, 28, 31, 32, 33, 34, 35, 36, 37, 38, 39, 42, 44, 45, 47, 48, 50, 51, 53, 54, 56, 59, 61, 62, 63, 64, 66, 67, 69, 70, 71, 76, 77, 80, 82, 83, 84, 86, 87, 88, 89, 90, 95, 96, 97, 98, 100, 102, 104, 105, 107, 108, 110, 111, 112, 118, 119, 120, 122, 135, 137, 139, 140, 141, 144, 145, 146, 147, 148, 149, 150, 153, 154, 156, 157, 158, 159, 161, 162, 163, 165, 166, 167, 170, 173, 174, 175, 176, 177, 179, 182, 193, 194, 195, 196], "summary": {"covered_lines": 107, "num_statements": 121, "percent_covered": 88.4297520661157, "percent_covered_display": "88", "missing_lines": 14, "excluded_lines": 2, "percent_statements_covered": 88.4297520661157, "percent_statements_covered_display": "88"}, "missing_lines": [65, 68, 72, 73, 92, 101, 169, 184, 190, 198, 199, 200, 201, 202], "excluded_lines": [205, 206], "functions": {"format_size": {"executed_lines": [44, 45, 47, 48, 50, 51, 53, 54, 56], "summary": {"covered_lines": 9, "num_statements": 9, "percent_covered": 100.0, "percent_covered_display": "100", "missing_lines": 0, "excluded_lines": 0, "percent_statements_covered": 100.0, "percent_statements_covered_display": "100"}, "missing_lines": [], "excluded_lines": [], "start_line": 42}, "parse_rclone_ls_output": {"executed_lines": [61, 62, 63, 64, 66, 67, 69, 70, 71, 76, 77], "summary": {"covered_lines": 11, "num_statements": 15, "percent_covered": 73.33333333333333, "percent_covered_display": "73", "missing_lines": 4, "excluded_lines": 0, "percent_statements_covered": 73.33333333333333, "percent_statements_covered_display": "73"}, "missing_lines": [65, 68, 72, 73], "excluded_lines": [], "start_line": 59}, "analyze_shards": {"executed_lines": [82, 83, 84, 86, 87, 88, 89, 90, 95, 96, 97, 98, 100, 102, 104, 105, 107, 108, 110, 111, 112, 118, 119, 120, 122], "summary": {"covered_lines": 25, "num_statements": 27, "percent_covered": 92.5925925925926, "percent_covered_display": "93", "missing_lines": 2, "excluded_lines": 0, "percent_statements_covered": 92.5925925925926, "percent_statements_covered_display": "93"}, "missing_lines": [92, 101], "excluded_lines": [], "start_line": 80}, "format_report": {"executed_lines": [137, 139, 140, 141, 144, 145, 146, 147, 148, 149, 150, 153, 154, 156, 157, 158, 159, 161, 162, 163, 165, 166, 167, 170, 173, 174, 175, 176, 177, 179], "summary": {"covered_lines": 30, "num_statements": 31, "percent_covered": 96.7741935483871, "percent_covered_display": "97", "missing_lines": 1, "excluded_lines": 0, "percent_statements_covered": 96.7741935483871, "percent_statements_covered_display": "97"}, "missing_lines": [169], "excluded_lines": [], "start_line": 135}, "run_rclone_ls": {"executed_lines": [], "summary": {"covered_lines": 0, "num_statements": 2, "percent_covered": 0.0, "percent_covered_display": "0", "missing_lines": 2, "excluded_lines": 0, "percent_statements_covered": 0.0, "percent_statements_covered_display": "0"}, "missing_lines": [184, 190], "excluded_lines": [], "start_line": 182}, "main": {"executed_lines": [], "summary": {"covered_lines": 0, "num_statements": 5, "percent_covered": 0.0, "percent_covered_display": "0", "missing_lines": 5, "excluded_lines": 0, "percent_statements_covered": 0.0, "percent_statements_covered_display": "0"}, "missing_lines": [198, 199, 200, 201, 202], "excluded_lines": [], "start_line": 196}, "": {"executed_lines": [3, 5, 6, 7, 9, 12, 15, 16, 19, 22, 23, 24, 25, 28, 31, 32, 33, 34, 35, 36, 37, 38, 39, 42, 59, 80, 135, 182, 193, 194, 195, 196], "summary": {"covered_lines": 32, "num_statements": 32, "percent_covered": 100.0, "percent_covered_display": "100", "missing_lines": 0, "excluded_lines": 2, "percent_statements_covered": 100.0, "percent_statements_covered_display": "100"}, "missing_lines": [], "excluded_lines": [205, 206], "start_line": 1}}, "classes": {"RcloneFile": {"executed_lines": [], "summary": {"covered_lines": 0, "num_statements": 0, "percent_covered": 100.0, "percent_covered_display": "100", "missing_lines": 0, "excluded_lines": 0, "percent_statements_covered": 100.0, "percent_statements_covered_display": "100"}, "missing_lines": [], "excluded_lines": [], "start_line": 12}, "ShardFileInfo": {"executed_lines": [], "summary": {"covered_lines": 0, "num_statements": 0, "percent_covered": 100.0, "percent_covered_display": "100", "missing_lines": 0, "excluded_lines": 0, "percent_statements_covered": 100.0, "percent_statements_covered_display": "100"}, "missing_lines": [], "excluded_lines": [], "start_line": 19}, "ShardReport": {"executed_lines": [], "summary": {"covered_lines": 0, "num_statements": 0, "percent_covered": 100.0, "percent_covered_display": "100", "missing_lines": 0, "excluded_lines": 0, "percent_statements_covered": 100.0, "percent_statements_covered_display": "100"}, "missing_lines": [], "excluded_lines": [], "start_line": 28}, "": {"executed_lines": [3, 5, 6, 7, 9, 12, 15, 16, 19, 22, 23, 24, 25, 28, 31, 32, 33, 34, 35, 36, 37, 38, 39, 42, 44, 45, 47, 48, 50, 51, 53, 54, 56, 59, 61, 62, 63, 64, 66, 67, 69, 70, 71, 76, 77, 80, 82, 83, 84, 86, 87, 88, 89, 90, 95, 96, 97, 98, 100, 102, 104, 105, 107, 108, 110, 111, 112, 118, 119, 120, 122, 135, 137, 139, 140, 141, 144, 145, 146, 147, 148, 149, 150, 153, 154, 156, 157, 158, 159, 161, 162, 163, 165, 166, 167, 170, 173, 174, 175, 176, 177, 179, 182, 193, 194, 195, 196], "summary": {"covered_lines": 107, "num_statements": 121, "percent_covered": 88.4297520661157, "percent_covered_display": "88", "missing_lines": 14, "excluded_lines": 2, "percent_statements_covered": 88.4297520661157, "percent_statements_covered_display": "88"}, "missing_lines": [65, 68, 72, 73, 92, 101, 169, 184, 190, 198, 199, 200, 201, 202], "excluded_lines": [205, 206], "start_line": 1}}}, "setup.py": {"executed_lines": [], "summary": {"covered_lines": 0, "num_statements": 2, "percent_covered": 0.0, "percent_covered_display": "0", "missing_lines": 2, "excluded_lines": 0, "percent_statements_covered": 0.0, "percent_statements_covered_display": "0"}, "missing_lines": [3, 5], "excluded_lines": [], "functions": {"": {"executed_lines": [], "summary": {"covered_lines": 0, "num_statements": 2, "percent_covered": 0.0, "percent_covered_display": "0", "missing_lines": 2, "excluded_lines": 0, "percent_statements_covered": 0.0, "percent_statements_covered_display": "0"}, "missing_lines": [3, 5], "excluded_lines": [], "start_line": 1}}, "classes": {"": {"executed_lines": [], "summary": {"covered_lines": 0, "num_statements": 2, "percent_covered": 0.0, "percent_covered_display": "0", "missing_lines": 2, "excluded_lines": 0, "percent_statements_covered": 0.0, "percent_statements_covered_display": "0"}, "missing_lines": [3, 5], "excluded_lines": [], "start_line": 1}}}, "src/__init__.py": {"executed_lines": [], "summary": {"covered_lines": 0, "num_statements": 0, "percent_covered": 100.0, "percent_covered_display": "100", "missing_lines": 0, "excluded_lines": 0, "percent_statements_covered": 100.0, "percent_statements_covered_display": "100"}, "missing_lines": [], "excluded_lines": [], "functions": {"": {"executed_lines": [], "summary": {"covered_lines": 0, "num_statements": 0, "percent_covered": 100.0, "percent_covered_display": "100", "missing_lines": 0, "excluded_lines": 0, "percent_statements_covered": 100.0, "percent_statements_covered_display": "100"}, "missing_lines": [], "excluded_lines": [], "start_line": 1}}, "classes": {"": {"executed_lines": [], "summary": {"covered_lines": 0, "num_statements": 0, "percent_covered": 100.0, "percent_covered_display": "100", "missing_lines": 0, "excluded_lines": 0, "percent_statements_covered": 100.0, "percent_statements_covered_display": "100"}, "missing_lines": [], "excluded_lines": [], "start_line": 1}}}, "src/data/__init__.py": {"executed_lines": [], "summary": {"covered_lines": 0, "num_statements": 0, "percent_covered": 100.0, "percent_covered_display": "100", "missing_lines": 0, "excluded_lines": 0, "percent_statements_covered": 100.0, "percent_statements_covered_display": "100"}, "missing_lines": [], "excluded_lines": [], "functions": {"": {"executed_lines": [], "summary": {"covered_lines": 0, "num_statements": 0, "percent_covered": 100.0, "percent_covered_display": "100", "missing_lines": 0, "excluded_lines": 0, "percent_statements_covered": 100.0, "percent_statements_covered_display": "100"}, "missing_lines": [], "excluded_lines": [], "start_line": 1}}, "classes": {"": {"executed_lines": [], "summary": {"covered_lines": 0, "num_statements": 0, "percent_covered": 100.0, "percent_covered_display": "100", "missing_lines": 0, "excluded_lines": 0, "percent_statements_covered": 100.0, "percent_statements_covered_display": "100"}, "missing_lines": [], "excluded_lines": [], "start_line": 1}}}, "src/data/audio_datamodule.py": {"executed_lines": [], "summary": {"covered_lines": 0, "num_statements": 78, "percent_covered": 0.0, "percent_covered_display": "0", "missing_lines": 78, "excluded_lines": 3, "percent_statements_covered": 0.0, "percent_statements_covered_display": "0"}, "missing_lines": [1, 2, 4, 5, 6, 7, 8, 11, 17, 18, 19, 21, 29, 30, 33, 34, 42, 44, 45, 47, 48, 50, 52, 53, 54, 55, 56, 58, 59, 60, 82, 83, 84, 85, 87, 88, 90, 91, 93, 95, 96, 97, 98, 100, 101, 102, 103, 104, 108, 109, 110, 112, 113, 115, 116, 120, 122, 123, 124, 126, 127, 129, 135, 136, 145, 147, 148, 149, 150, 151, 152, 154, 155, 159, 160, 168, 171, 174], "excluded_lines": [169, 172, 175], "functions": {"make_spectrogram": {"executed_lines": [], "summary": {"covered_lines": 0, "num_statements": 6, "percent_covered": 0.0, "percent_covered_display": "0", "missing_lines": 6, "excluded_lines": 0, "percent_statements_covered": 0.0, "percent_statements_covered_display": "0"}, "missing_lines": [17, 18, 19, 21, 29, 30], "excluded_lines": [], "start_line": 11}, "AudioFolderDataset.__init__": {"executed_lines": [], "summary": {"covered_lines": 0, "num_statements": 6, "percent_covered": 0.0, "percent_covered_display": "0", "missing_lines": 6, "excluded_lines": 0, "percent_statements_covered": 0.0, "percent_statements_covered_display": "0"}, "missing_lines": [42, 44, 45, 47, 48, 50], "excluded_lines": [], "start_line": 34}, "AudioFolderDataset._load_stats": {"executed_lines": [], "summary": {"covered_lines": 0, "num_statements": 7, "percent_covered": 0.0, "percent_covered_display": "0", "missing_lines": 7, "excluded_lines": 0, "percent_statements_covered": 0.0, "percent_statements_covered_display": "0"}, "missing_lines": [53, 54, 55, 56, 58, 59, 60], "excluded_lines": [], "start_line": 52}, "AudioFolderDataset.get_stats_file_path": {"executed_lines": [], "summary": {"covered_lines": 0, "num_statements": 2, "percent_covered": 0.0, "percent_covered_display": "0", "missing_lines": 2, "excluded_lines": 0, "percent_statements_covered": 0.0, "percent_statements_covered_display": "0"}, "missing_lines": [84, 85], "excluded_lines": [], "start_line": 83}, "AudioFolderDataset.__len__": {"executed_lines": [], "summary": {"covered_lines": 0, "num_statements": 1, "percent_covered": 0.0, "percent_covered_display": "0", "missing_lines": 1, "excluded_lines": 0, "percent_statements_covered": 0.0, "percent_statements_covered_display": "0"}, "missing_lines": [88], "excluded_lines": [], "start_line": 87}, "AudioFolderDataset.__getitem__": {"executed_lines": [], "summary": {"covered_lines": 0, "num_statements": 25, "percent_covered": 0.0, "percent_covered_display": "0", "missing_lines": 25, "excluded_lines": 0, "percent_statements_covered": 0.0, "percent_statements_covered_display": "0"}, "missing_lines": [91, 93, 95, 96, 97, 98, 100, 101, 102, 103, 104, 108, 109, 110, 112, 113, 115, 116, 120, 122, 123, 124, 126, 127, 129], "excluded_lines": [], "start_line": 90}, "AudioDataModule.__init__": {"executed_lines": [], "summary": {"covered_lines": 0, "num_statements": 7, "percent_covered": 0.0, "percent_covered_display": "0", "missing_lines": 7, "excluded_lines": 0, "percent_statements_covered": 0.0, "percent_statements_covered_display": "0"}, "missing_lines": [145, 147, 148, 149, 150, 151, 152], "excluded_lines": [], "start_line": 136}, "AudioDataModule.setup": {"executed_lines": [], "summary": {"covered_lines": 0, "num_statements": 1, "percent_covered": 0.0, "percent_covered_display": "0", "missing_lines": 1, "excluded_lines": 0, "percent_statements_covered": 0.0, "percent_statements_covered_display": "0"}, "missing_lines": [155], "excluded_lines": [], "start_line": 154}, "AudioDataModule.predict_dataloader": {"executed_lines": [], "summary": {"covered_lines": 0, "num_statements": 1, "percent_covered": 0.0, "percent_covered_display": "0", "missing_lines": 1, "excluded_lines": 0, "percent_statements_covered": 0.0, "percent_statements_covered_display": "0"}, "missing_lines": [160], "excluded_lines": [], "start_line": 159}, "AudioDataModule.train_dataloader": {"executed_lines": [], "summary": {"covered_lines": 0, "num_statements": 0, "percent_covered": 100.0, "percent_covered_display": "100", "missing_lines": 0, "excluded_lines": 1, "percent_statements_covered": 100.0, "percent_statements_covered_display": "100"}, "missing_lines": [], "excluded_lines": [169], "start_line": 168}, "AudioDataModule.val_dataloader": {"executed_lines": [], "summary": {"covered_lines": 0, "num_statements": 0, "percent_covered": 100.0, "percent_covered_display": "100", "missing_lines": 0, "excluded_lines": 1, "percent_statements_covered": 100.0, "percent_statements_covered_display": "100"}, "missing_lines": [], "excluded_lines": [172], "start_line": 171}, "AudioDataModule.test_dataloader": {"executed_lines": [], "summary": {"covered_lines": 0, "num_statements": 0, "percent_covered": 100.0, "percent_covered_display": "100", "missing_lines": 0, "excluded_lines": 1, "percent_statements_covered": 100.0, "percent_statements_covered_display": "100"}, "missing_lines": [], "excluded_lines": [175], "start_line": 174}, "": {"executed_lines": [], "summary": {"covered_lines": 0, "num_statements": 22, "percent_covered": 0.0, "percent_covered_display": "0", "missing_lines": 22, "excluded_lines": 0, "percent_statements_covered": 0.0, "percent_statements_covered_display": "0"}, "missing_lines": [1, 2, 4, 5, 6, 7, 8, 11, 33, 34, 52, 82, 83, 87, 90, 135, 136, 154, 159, 168, 171, 174], "excluded_lines": [], "start_line": 1}}, "classes": {"AudioFolderDataset": {"executed_lines": [], "summary": {"covered_lines": 0, "num_statements": 41, "percent_covered": 0.0, "percent_covered_display": "0", "missing_lines": 41, "excluded_lines": 0, "percent_statements_covered": 0.0, "percent_statements_covered_display": "0"}, "missing_lines": [42, 44, 45, 47, 48, 50, 53, 54, 55, 56, 58, 59, 60, 84, 85, 88, 91, 93, 95, 96, 97, 98, 100, 101, 102, 103, 104, 108, 109, 110, 112, 113, 115, 116, 120, 122, 123, 124, 126, 127, 129], "excluded_lines": [], "start_line": 33}, "AudioDataModule": {"executed_lines": [], "summary": {"covered_lines": 0, "num_statements": 9, "percent_covered": 0.0, "percent_covered_display": "0", "missing_lines": 9, "excluded_lines": 3, "percent_statements_covered": 0.0, "percent_statements_covered_display": "0"}, "missing_lines": [145, 147, 148, 149, 150, 151, 152, 155, 160], "excluded_lines": [169, 172, 175], "start_line": 135}, "": {"executed_lines": [], "summary": {"covered_lines": 0, "num_statements": 28, "percent_covered": 0.0, "percent_covered_display": "0", "missing_lines": 28, "excluded_lines": 0, "percent_statements_covered": 0.0, "percent_statements_covered_display": "0"}, "missing_lines": [1, 2, 4, 5, 6, 7, 8, 11, 17, 18, 19, 21, 29, 30, 33, 34, 52, 82, 83, 87, 90, 135, 136, 154, 159, 168, 171, 174], "excluded_lines": [], "start_line": 1}}}, "src/data/components/__init__.py": {"executed_lines": [], "summary": {"covered_lines": 0, "num_statements": 0, "percent_covered": 100.0, "percent_covered_display": "100", "missing_lines": 0, "excluded_lines": 0, "percent_statements_covered": 100.0, "percent_statements_covered_display": "100"}, "missing_lines": [], "excluded_lines": [], "functions": {"": {"executed_lines": [], "summary": {"covered_lines": 0, "num_statements": 0, "percent_covered": 100.0, "percent_covered_display": "100", "missing_lines": 0, "excluded_lines": 0, "percent_statements_covered": 100.0, "percent_statements_covered_display": "100"}, "missing_lines": [], "excluded_lines": [], "start_line": 1}}, "classes": {"": {"executed_lines": [], "summary": {"covered_lines": 0, "num_statements": 0, "percent_covered": 100.0, "percent_covered_display": "100", "missing_lines": 0, "excluded_lines": 0, "percent_statements_covered": 100.0, "percent_statements_covered_display": "100"}, "missing_lines": [], "excluded_lines": [], "start_line": 1}}}, "src/data/fm_datamodule.py": {"executed_lines": [], "summary": {"covered_lines": 0, "num_statements": 152, "percent_covered": 0.0, "percent_covered_display": "0", "missing_lines": 152, "excluded_lines": 7, "percent_statements_covered": 0.0, "percent_statements_covered_display": "0"}, "missing_lines": [1, 2, 4, 5, 7, 10, 16, 21, 27, 32, 34, 35, 36, 39, 47, 48, 49, 52, 59, 61, 62, 65, 66, 67, 69, 70, 71, 73, 74, 75, 76, 77, 79, 80, 81, 83, 86, 91, 92, 93, 96, 100, 101, 102, 103, 106, 107, 108, 110, 111, 112, 113, 114, 116, 117, 118, 120, 121, 122, 123, 125, 128, 133, 134, 136, 139, 145, 146, 147, 148, 150, 151, 152, 154, 155, 156, 157, 158, 160, 161, 162, 163, 165, 166, 167, 168, 170, 173, 178, 179, 181, 184, 191, 192, 200, 201, 203, 205, 207, 208, 210, 212, 213, 214, 215, 216, 217, 218, 220, 221, 222, 226, 228, 229, 231, 232, 233, 235, 236, 240, 241, 243, 246, 250, 261, 264, 265, 266, 269, 270, 273, 275, 276, 278, 279, 281, 282, 283, 290, 297, 304, 312, 319, 327, 328, 330, 331, 333, 334, 336, 339, 340], "excluded_lines": [337, 343, 344, 345, 346, 347, 348], "functions": {"_sample_freqs": {"executed_lines": [], "summary": {"covered_lines": 0, "num_statements": 1, "percent_covered": 0.0, "percent_covered_display": "0", "missing_lines": 1, "excluded_lines": 0, "percent_statements_covered": 0.0, "percent_statements_covered_display": "0"}, "missing_lines": [16], "excluded_lines": [], "start_line": 10}, "_sample_amplitudes": {"executed_lines": [], "summary": {"covered_lines": 0, "num_statements": 1, "percent_covered": 0.0, "percent_covered_display": "0", "missing_lines": 1, "excluded_lines": 0, "percent_statements_covered": 0.0, "percent_statements_covered_display": "0"}, "missing_lines": [27], "excluded_lines": [], "start_line": 21}, "_scale_freqs_and_amps_fm": {"executed_lines": [], "summary": {"covered_lines": 0, "num_statements": 3, "percent_covered": 0.0, "percent_covered_display": "0", "missing_lines": 3, "excluded_lines": 0, "percent_statements_covered": 0.0, "percent_statements_covered_display": "0"}, "missing_lines": [34, 35, 36], "excluded_lines": [], "start_line": 32}, "_sample_freqs_symmetry_broken": {"executed_lines": [], "summary": {"covered_lines": 0, "num_statements": 3, "percent_covered": 0.0, "percent_covered_display": "0", "missing_lines": 3, "excluded_lines": 0, "percent_statements_covered": 0.0, "percent_statements_covered_display": "0"}, "missing_lines": [47, 48, 49], "excluded_lines": [], "start_line": 39}, "fm_conditional_symmetry": {"executed_lines": [], "summary": {"covered_lines": 0, "num_statements": 18, "percent_covered": 0.0, "percent_covered_display": "0", "missing_lines": 18, "excluded_lines": 0, "percent_statements_covered": 0.0, "percent_statements_covered_display": "0"}, "missing_lines": [59, 61, 62, 65, 66, 67, 69, 70, 71, 73, 74, 75, 76, 77, 79, 80, 81, 83], "excluded_lines": [], "start_line": 52}, "_sample_params_conditional_symmetry": {"executed_lines": [], "summary": {"covered_lines": 0, "num_statements": 3, "percent_covered": 0.0, "percent_covered_display": "0", "missing_lines": 3, "excluded_lines": 0, "percent_statements_covered": 0.0, "percent_statements_covered_display": "0"}, "missing_lines": [91, 92, 93], "excluded_lines": [], "start_line": 86}, "fm_mixed_symmetry": {"executed_lines": [], "summary": {"covered_lines": 0, "num_statements": 20, "percent_covered": 0.0, "percent_covered_display": "0", "missing_lines": 20, "excluded_lines": 0, "percent_statements_covered": 0.0, "percent_statements_covered_display": "0"}, "missing_lines": [100, 101, 102, 103, 106, 107, 108, 110, 111, 112, 113, 114, 116, 117, 118, 120, 121, 122, 123, 125], "excluded_lines": [], "start_line": 96}, "_sample_params_mixed_symmetry": {"executed_lines": [], "summary": {"covered_lines": 0, "num_statements": 3, "percent_covered": 0.0, "percent_covered_display": "0", "missing_lines": 3, "excluded_lines": 0, "percent_statements_covered": 0.0, "percent_statements_covered_display": "0"}, "missing_lines": [133, 134, 136], "excluded_lines": [], "start_line": 128}, "fm_hierarchical_symmetry": {"executed_lines": [], "summary": {"covered_lines": 0, "num_statements": 21, "percent_covered": 0.0, "percent_covered_display": "0", "missing_lines": 21, "excluded_lines": 0, "percent_statements_covered": 0.0, "percent_statements_covered_display": "0"}, "missing_lines": [145, 146, 147, 148, 150, 151, 152, 154, 155, 156, 157, 158, 160, 161, 162, 163, 165, 166, 167, 168, 170], "excluded_lines": [], "start_line": 139}, "_sample_params_hierarchical_symmetry": {"executed_lines": [], "summary": {"covered_lines": 0, "num_statements": 3, "percent_covered": 0.0, "percent_covered_display": "0", "missing_lines": 3, "excluded_lines": 0, "percent_statements_covered": 0.0, "percent_statements_covered_display": "0"}, "missing_lines": [178, 179, 181], "excluded_lines": [], "start_line": 173}, "FMDataset.__init__": {"executed_lines": [], "summary": {"covered_lines": 0, "num_statements": 7, "percent_covered": 0.0, "percent_covered_display": "0", "missing_lines": 7, "excluded_lines": 0, "percent_statements_covered": 0.0, "percent_statements_covered_display": "0"}, "missing_lines": [200, 201, 203, 205, 207, 208, 210], "excluded_lines": [], "start_line": 192}, "FMDataset._init_dataset": {"executed_lines": [], "summary": {"covered_lines": 0, "num_statements": 6, "percent_covered": 0.0, "percent_covered_display": "0", "missing_lines": 6, "excluded_lines": 0, "percent_statements_covered": 0.0, "percent_statements_covered_display": "0"}, "missing_lines": [213, 214, 215, 216, 217, 218], "excluded_lines": [], "start_line": 212}, "FMDataset._sample_parameters": {"executed_lines": [], "summary": {"covered_lines": 0, "num_statements": 3, "percent_covered": 0.0, "percent_covered_display": "0", "missing_lines": 3, "excluded_lines": 0, "percent_statements_covered": 0.0, "percent_statements_covered_display": "0"}, "missing_lines": [221, 222, 226], "excluded_lines": [], "start_line": 220}, "FMDataset.__len__": {"executed_lines": [], "summary": {"covered_lines": 0, "num_statements": 1, "percent_covered": 0.0, "percent_covered_display": "0", "missing_lines": 1, "excluded_lines": 0, "percent_statements_covered": 0.0, "percent_statements_covered_display": "0"}, "missing_lines": [229], "excluded_lines": [], "start_line": 228}, "FMDataset.__getitem__": {"executed_lines": [], "summary": {"covered_lines": 0, "num_statements": 7, "percent_covered": 0.0, "percent_covered_display": "0", "missing_lines": 7, "excluded_lines": 0, "percent_statements_covered": 0.0, "percent_statements_covered_display": "0"}, "missing_lines": [232, 233, 235, 236, 240, 241, 243], "excluded_lines": [], "start_line": 231}, "FMDataModule.__init__": {"executed_lines": [], "summary": {"covered_lines": 0, "num_statements": 9, "percent_covered": 0.0, "percent_covered_display": "0", "missing_lines": 9, "excluded_lines": 0, "percent_statements_covered": 0.0, "percent_statements_covered_display": "0"}, "missing_lines": [261, 264, 265, 266, 269, 270, 273, 275, 276], "excluded_lines": [], "start_line": 250}, "FMDataModule.prepare_data": {"executed_lines": [], "summary": {"covered_lines": 0, "num_statements": 1, "percent_covered": 0.0, "percent_covered_display": "0", "missing_lines": 1, "excluded_lines": 0, "percent_statements_covered": 0.0, "percent_statements_covered_display": "0"}, "missing_lines": [279], "excluded_lines": [], "start_line": 278}, "FMDataModule.setup": {"executed_lines": [], "summary": {"covered_lines": 0, "num_statements": 7, "percent_covered": 0.0, "percent_covered_display": "0", "missing_lines": 7, "excluded_lines": 0, "percent_statements_covered": 0.0, "percent_statements_covered_display": "0"}, "missing_lines": [282, 283, 290, 297, 304, 312, 319], "excluded_lines": [], "start_line": 281}, "FMDataModule.train_dataloader": {"executed_lines": [], "summary": {"covered_lines": 0, "num_statements": 1, "percent_covered": 0.0, "percent_covered_display": "0", "missing_lines": 1, "excluded_lines": 0, "percent_statements_covered": 0.0, "percent_statements_covered_display": "0"}, "missing_lines": [328], "excluded_lines": [], "start_line": 327}, "FMDataModule.val_dataloader": {"executed_lines": [], "summary": {"covered_lines": 0, "num_statements": 1, "percent_covered": 0.0, "percent_covered_display": "0", "missing_lines": 1, "excluded_lines": 0, "percent_statements_covered": 0.0, "percent_statements_covered_display": "0"}, "missing_lines": [331], "excluded_lines": [], "start_line": 330}, "FMDataModule.test_dataloader": {"executed_lines": [], "summary": {"covered_lines": 0, "num_statements": 1, "percent_covered": 0.0, "percent_covered_display": "0", "missing_lines": 1, "excluded_lines": 0, "percent_statements_covered": 0.0, "percent_statements_covered_display": "0"}, "missing_lines": [334], "excluded_lines": [], "start_line": 333}, "FMDataModule.predict_dataloader": {"executed_lines": [], "summary": {"covered_lines": 0, "num_statements": 0, "percent_covered": 100.0, "percent_covered_display": "100", "missing_lines": 0, "excluded_lines": 1, "percent_statements_covered": 100.0, "percent_statements_covered_display": "100"}, "missing_lines": [], "excluded_lines": [337], "start_line": 336}, "FMDataModule.teardown": {"executed_lines": [], "summary": {"covered_lines": 0, "num_statements": 1, "percent_covered": 0.0, "percent_covered_display": "0", "missing_lines": 1, "excluded_lines": 0, "percent_statements_covered": 0.0, "percent_statements_covered_display": "0"}, "missing_lines": [340], "excluded_lines": [], "start_line": 339}, "": {"executed_lines": [], "summary": {"covered_lines": 0, "num_statements": 31, "percent_covered": 0.0, "percent_covered_display": "0", "missing_lines": 31, "excluded_lines": 6, "percent_statements_covered": 0.0, "percent_statements_covered_display": "0"}, "missing_lines": [1, 2, 4, 5, 7, 10, 21, 32, 39, 52, 86, 96, 128, 139, 173, 184, 191, 192, 212, 220, 228, 231, 246, 250, 278, 281, 327, 330, 333, 336, 339], "excluded_lines": [343, 344, 345, 346, 347, 348], "start_line": 1}}, "classes": {"FMDataset": {"executed_lines": [], "summary": {"covered_lines": 0, "num_statements": 24, "percent_covered": 0.0, "percent_covered_display": "0", "missing_lines": 24, "excluded_lines": 0, "percent_statements_covered": 0.0, "percent_statements_covered_display": "0"}, "missing_lines": [200, 201, 203, 205, 207, 208, 210, 213, 214, 215, 216, 217, 218, 221, 222, 226, 229, 232, 233, 235, 236, 240, 241, 243], "excluded_lines": [], "start_line": 191}, "FMDataModule": {"executed_lines": [], "summary": {"covered_lines": 0, "num_statements": 21, "percent_covered": 0.0, "percent_covered_display": "0", "missing_lines": 21, "excluded_lines": 1, "percent_statements_covered": 0.0, "percent_statements_covered_display": "0"}, "missing_lines": [261, 264, 265, 266, 269, 270, 273, 275, 276, 279, 282, 283, 290, 297, 304, 312, 319, 328, 331, 334, 340], "excluded_lines": [337], "start_line": 246}, "": {"executed_lines": [], "summary": {"covered_lines": 0, "num_statements": 107, "percent_covered": 0.0, "percent_covered_display": "0", "missing_lines": 107, "excluded_lines": 6, "percent_statements_covered": 0.0, "percent_statements_covered_display": "0"}, "missing_lines": [1, 2, 4, 5, 7, 10, 16, 21, 27, 32, 34, 35, 36, 39, 47, 48, 49, 52, 59, 61, 62, 65, 66, 67, 69, 70, 71, 73, 74, 75, 76, 77, 79, 80, 81, 83, 86, 91, 92, 93, 96, 100, 101, 102, 103, 106, 107, 108, 110, 111, 112, 113, 114, 116, 117, 118, 120, 121, 122, 123, 125, 128, 133, 134, 136, 139, 145, 146, 147, 148, 150, 151, 152, 154, 155, 156, 157, 158, 160, 161, 162, 163, 165, 166, 167, 168, 170, 173, 178, 179, 181, 184, 191, 192, 212, 220, 228, 231, 246, 250, 278, 281, 327, 330, 333, 336, 339], "excluded_lines": [343, 344, 345, 346, 347, 348], "start_line": 1}}}, "src/data/kosc_datamodule.py": {"executed_lines": [], "summary": {"covered_lines": 0, "num_statements": 131, "percent_covered": 0.0, "percent_covered_display": "0", "missing_lines": 131, "excluded_lines": 7, "percent_statements_covered": 0.0, "percent_statements_covered_display": "0"}, "missing_lines": [1, 2, 3, 5, 6, 8, 9, 11, 14, 15, 16, 17, 19, 21, 22, 23, 25, 26, 28, 30, 34, 35, 36, 37, 39, 40, 42, 43, 44, 45, 47, 48, 49, 50, 51, 53, 54, 55, 56, 58, 62, 65, 66, 67, 69, 70, 71, 72, 73, 75, 76, 77, 79, 81, 82, 83, 85, 86, 91, 92, 93, 94, 95, 97, 99, 102, 103, 114, 115, 117, 118, 120, 122, 123, 125, 127, 129, 131, 132, 140, 141, 143, 144, 145, 146, 147, 148, 150, 152, 153, 155, 157, 159, 160, 162, 163, 166, 167, 170, 178, 191, 194, 195, 196, 197, 200, 201, 204, 206, 207, 209, 210, 212, 213, 215, 216, 217, 227, 237, 244, 252, 262, 270, 271, 273, 274, 276, 277, 279, 282, 283], "excluded_lines": [280, 286, 287, 288, 289, 290, 291], "functions": {"polyblep_sawtooth": {"executed_lines": [], "summary": {"covered_lines": 0, "num_statements": 11, "percent_covered": 0.0, "percent_covered_display": "0", "missing_lines": 11, "excluded_lines": 0, "percent_statements_covered": 0.0, "percent_statements_covered_display": "0"}, "missing_lines": [15, 16, 17, 19, 21, 22, 23, 25, 26, 28, 30], "excluded_lines": [], "start_line": 14}, "polyblep_square": {"executed_lines": [], "summary": {"covered_lines": 0, "num_statements": 20, "percent_covered": 0.0, "percent_covered_display": "0", "missing_lines": 20, "excluded_lines": 0, "percent_statements_covered": 0.0, "percent_statements_covered_display": "0"}, "missing_lines": [35, 36, 37, 39, 40, 42, 43, 44, 45, 47, 48, 49, 50, 51, 53, 54, 55, 56, 58, 62], "excluded_lines": [], "start_line": 34}, "make_sig": {"executed_lines": [], "summary": {"covered_lines": 0, "num_statements": 23, "percent_covered": 0.0, "percent_covered_display": "0", "missing_lines": 23, "excluded_lines": 0, "percent_statements_covered": 0.0, "percent_statements_covered_display": "0"}, "missing_lines": [66, 67, 69, 70, 71, 72, 73, 75, 76, 77, 79, 81, 82, 83, 85, 86, 91, 92, 93, 94, 95, 97, 99], "excluded_lines": [], "start_line": 65}, "KOscDataset.__init__": {"executed_lines": [], "summary": {"covered_lines": 0, "num_statements": 10, "percent_covered": 0.0, "percent_covered_display": "0", "missing_lines": 10, "excluded_lines": 0, "percent_statements_covered": 0.0, "percent_statements_covered_display": "0"}, "missing_lines": [114, 115, 117, 118, 120, 122, 123, 125, 127, 129], "excluded_lines": [], "start_line": 103}, "KOscDataset._init_dataset": {"executed_lines": [], "summary": {"covered_lines": 0, "num_statements": 1, "percent_covered": 0.0, "percent_covered_display": "0", "missing_lines": 1, "excluded_lines": 0, "percent_statements_covered": 0.0, "percent_statements_covered_display": "0"}, "missing_lines": [132], "excluded_lines": [], "start_line": 131}, "KOscDataset._sample_parameters": {"executed_lines": [], "summary": {"covered_lines": 0, "num_statements": 8, "percent_covered": 0.0, "percent_covered_display": "0", "missing_lines": 8, "excluded_lines": 0, "percent_statements_covered": 0.0, "percent_statements_covered_display": "0"}, "missing_lines": [141, 143, 144, 145, 146, 147, 148, 150], "excluded_lines": [], "start_line": 140}, "KOscDataset.__len__": {"executed_lines": [], "summary": {"covered_lines": 0, "num_statements": 1, "percent_covered": 0.0, "percent_covered_display": "0", "missing_lines": 1, "excluded_lines": 0, "percent_statements_covered": 0.0, "percent_statements_covered_display": "0"}, "missing_lines": [153], "excluded_lines": [], "start_line": 152}, "KOscDataset.__getitem__": {"executed_lines": [], "summary": {"covered_lines": 0, "num_statements": 7, "percent_covered": 0.0, "percent_covered_display": "0", "missing_lines": 7, "excluded_lines": 0, "percent_statements_covered": 0.0, "percent_statements_covered_display": "0"}, "missing_lines": [157, 159, 160, 162, 163, 166, 167], "excluded_lines": [], "start_line": 155}, "KOscDataModule.__init__": {"executed_lines": [], "summary": {"covered_lines": 0, "num_statements": 12, "percent_covered": 0.0, "percent_covered_display": "0", "missing_lines": 12, "excluded_lines": 0, "percent_statements_covered": 0.0, "percent_statements_covered_display": "0"}, "missing_lines": [191, 194, 195, 196, 197, 200, 201, 204, 206, 207, 209, 210], "excluded_lines": [], "start_line": 178}, "KOscDataModule.prepare_data": {"executed_lines": [], "summary": {"covered_lines": 0, "num_statements": 1, "percent_covered": 0.0, "percent_covered_display": "0", "missing_lines": 1, "excluded_lines": 0, "percent_statements_covered": 0.0, "percent_statements_covered_display": "0"}, "missing_lines": [213], "excluded_lines": [], "start_line": 212}, "KOscDataModule.setup": {"executed_lines": [], "summary": {"covered_lines": 0, "num_statements": 7, "percent_covered": 0.0, "percent_covered_display": "0", "missing_lines": 7, "excluded_lines": 0, "percent_statements_covered": 0.0, "percent_statements_covered_display": "0"}, "missing_lines": [216, 217, 227, 237, 244, 252, 262], "excluded_lines": [], "start_line": 215}, "KOscDataModule.train_dataloader": {"executed_lines": [], "summary": {"covered_lines": 0, "num_statements": 1, "percent_covered": 0.0, "percent_covered_display": "0", "missing_lines": 1, "excluded_lines": 0, "percent_statements_covered": 0.0, "percent_statements_covered_display": "0"}, "missing_lines": [271], "excluded_lines": [], "start_line": 270}, "KOscDataModule.val_dataloader": {"executed_lines": [], "summary": {"covered_lines": 0, "num_statements": 1, "percent_covered": 0.0, "percent_covered_display": "0", "missing_lines": 1, "excluded_lines": 0, "percent_statements_covered": 0.0, "percent_statements_covered_display": "0"}, "missing_lines": [274], "excluded_lines": [], "start_line": 273}, "KOscDataModule.test_dataloader": {"executed_lines": [], "summary": {"covered_lines": 0, "num_statements": 1, "percent_covered": 0.0, "percent_covered_display": "0", "missing_lines": 1, "excluded_lines": 0, "percent_statements_covered": 0.0, "percent_statements_covered_display": "0"}, "missing_lines": [277], "excluded_lines": [], "start_line": 276}, "KOscDataModule.predict_dataloader": {"executed_lines": [], "summary": {"covered_lines": 0, "num_statements": 0, "percent_covered": 100.0, "percent_covered_display": "100", "missing_lines": 0, "excluded_lines": 1, "percent_statements_covered": 100.0, "percent_statements_covered_display": "100"}, "missing_lines": [], "excluded_lines": [280], "start_line": 279}, "KOscDataModule.teardown": {"executed_lines": [], "summary": {"covered_lines": 0, "num_statements": 1, "percent_covered": 0.0, "percent_covered_display": "0", "missing_lines": 1, "excluded_lines": 0, "percent_statements_covered": 0.0, "percent_statements_covered_display": "0"}, "missing_lines": [283], "excluded_lines": [], "start_line": 282}, "": {"executed_lines": [], "summary": {"covered_lines": 0, "num_statements": 26, "percent_covered": 0.0, "percent_covered_display": "0", "missing_lines": 26, "excluded_lines": 6, "percent_statements_covered": 0.0, "percent_statements_covered_display": "0"}, "missing_lines": [1, 2, 3, 5, 6, 8, 9, 11, 14, 34, 65, 102, 103, 131, 140, 152, 155, 170, 178, 212, 215, 270, 273, 276, 279, 282], "excluded_lines": [286, 287, 288, 289, 290, 291], "start_line": 1}}, "classes": {"KOscDataset": {"executed_lines": [], "summary": {"covered_lines": 0, "num_statements": 27, "percent_covered": 0.0, "percent_covered_display": "0", "missing_lines": 27, "excluded_lines": 0, "percent_statements_covered": 0.0, "percent_statements_covered_display": "0"}, "missing_lines": [114, 115, 117, 118, 120, 122, 123, 125, 127, 129, 132, 141, 143, 144, 145, 146, 147, 148, 150, 153, 157, 159, 160, 162, 163, 166, 167], "excluded_lines": [], "start_line": 102}, "KOscDataModule": {"executed_lines": [], "summary": {"covered_lines": 0, "num_statements": 24, "percent_covered": 0.0, "percent_covered_display": "0", "missing_lines": 24, "excluded_lines": 1, "percent_statements_covered": 0.0, "percent_statements_covered_display": "0"}, "missing_lines": [191, 194, 195, 196, 197, 200, 201, 204, 206, 207, 209, 210, 213, 216, 217, 227, 237, 244, 252, 262, 271, 274, 277, 283], "excluded_lines": [280], "start_line": 170}, "": {"executed_lines": [], "summary": {"covered_lines": 0, "num_statements": 80, "percent_covered": 0.0, "percent_covered_display": "0", "missing_lines": 80, "excluded_lines": 6, "percent_statements_covered": 0.0, "percent_statements_covered_display": "0"}, "missing_lines": [1, 2, 3, 5, 6, 8, 9, 11, 14, 15, 16, 17, 19, 21, 22, 23, 25, 26, 28, 30, 34, 35, 36, 37, 39, 40, 42, 43, 44, 45, 47, 48, 49, 50, 51, 53, 54, 55, 56, 58, 62, 65, 66, 67, 69, 70, 71, 72, 73, 75, 76, 77, 79, 81, 82, 83, 85, 86, 91, 92, 93, 94, 95, 97, 99, 102, 103, 131, 140, 152, 155, 170, 178, 212, 215, 270, 273, 276, 279, 282], "excluded_lines": [286, 287, 288, 289, 290, 291], "start_line": 1}}}, "src/data/ksin_datamodule.py": {"executed_lines": [1, 2, 3, 5, 6, 8, 9, 11, 14, 20, 25, 31, 36, 55, 56, 57, 59, 64, 66, 67, 68, 69, 71, 74, 75, 86, 87, 89, 95, 96, 97, 99, 101, 102, 104, 106, 108, 109, 117, 118, 120, 129, 131, 133, 136, 138, 139, 141, 143, 144, 145, 148, 149, 150, 153, 161, 175, 178, 179, 180, 181, 184, 185, 186, 189, 190, 192, 193, 195, 197, 198, 200, 201, 202, 212, 222, 230, 239, 249, 258, 259, 261, 262, 264, 265, 267, 270, 271], "summary": {"covered_lines": 88, "num_statements": 98, "percent_covered": 89.79591836734694, "percent_covered_display": "90", "missing_lines": 10, "excluded_lines": 7, "percent_statements_covered": 89.79591836734694, "percent_statements_covered_display": "90"}, "missing_lines": [47, 48, 50, 52, 60, 61, 62, 90, 121, 134], "excluded_lines": [268, 274, 275, 276, 277, 278, 279], "functions": {"_sample_freqs": {"executed_lines": [20], "summary": {"covered_lines": 1, "num_statements": 1, "percent_covered": 100.0, "percent_covered_display": "100", "missing_lines": 0, "excluded_lines": 0, "percent_statements_covered": 100.0, "percent_statements_covered_display": "100"}, "missing_lines": [], "excluded_lines": [], "start_line": 14}, "_sample_amplitudes": {"executed_lines": [31], "summary": {"covered_lines": 1, "num_statements": 1, "percent_covered": 100.0, "percent_covered_display": "100", "missing_lines": 0, "excluded_lines": 0, "percent_statements_covered": 100.0, "percent_statements_covered_display": "100"}, "missing_lines": [], "excluded_lines": [], "start_line": 25}, "_sample_freqs_shifted": {"executed_lines": [], "summary": {"covered_lines": 0, "num_statements": 4, "percent_covered": 0.0, "percent_covered_display": "0", "missing_lines": 4, "excluded_lines": 0, "percent_statements_covered": 0.0, "percent_statements_covered_display": "0"}, "missing_lines": [47, 48, 50, 52], "excluded_lines": [], "start_line": 36}, "make_sin": {"executed_lines": [56, 57, 59, 64, 66, 67, 68, 69, 71], "summary": {"covered_lines": 9, "num_statements": 12, "percent_covered": 75.0, "percent_covered_display": "75", "missing_lines": 3, "excluded_lines": 0, "percent_statements_covered": 75.0, "percent_statements_covered_display": "75"}, "missing_lines": [60, 61, 62], "excluded_lines": [], "start_line": 55}, "KSinDataset.__init__": {"executed_lines": [86, 87, 89, 95, 96, 97, 99, 101, 102, 104, 106], "summary": {"covered_lines": 11, "num_statements": 12, "percent_covered": 91.66666666666667, "percent_covered_display": "92", "missing_lines": 1, "excluded_lines": 0, "percent_statements_covered": 91.66666666666667, "percent_statements_covered_display": "92"}, "missing_lines": [90], "excluded_lines": [], "start_line": 75}, "KSinDataset._init_dataset": {"executed_lines": [109], "summary": {"covered_lines": 1, "num_statements": 1, "percent_covered": 100.0, "percent_covered_display": "100", "missing_lines": 0, "excluded_lines": 0, "percent_statements_covered": 100.0, "percent_statements_covered_display": "100"}, "missing_lines": [], "excluded_lines": [], "start_line": 108}, "KSinDataset._sample_parameters": {"executed_lines": [118, 120, 129, 131, 133, 136], "summary": {"covered_lines": 6, "num_statements": 8, "percent_covered": 75.0, "percent_covered_display": "75", "missing_lines": 2, "excluded_lines": 0, "percent_statements_covered": 75.0, "percent_statements_covered_display": "75"}, "missing_lines": [121, 134], "excluded_lines": [], "start_line": 117}, "KSinDataset.__len__": {"executed_lines": [139], "summary": {"covered_lines": 1, "num_statements": 1, "percent_covered": 100.0, "percent_covered_display": "100", "missing_lines": 0, "excluded_lines": 0, "percent_statements_covered": 100.0, "percent_statements_covered_display": "100"}, "missing_lines": [], "excluded_lines": [], "start_line": 138}, "KSinDataset.__getitem__": {"executed_lines": [143, 144, 145, 148, 149, 150], "summary": {"covered_lines": 6, "num_statements": 6, "percent_covered": 100.0, "percent_covered_display": "100", "missing_lines": 0, "excluded_lines": 0, "percent_statements_covered": 100.0, "percent_statements_covered_display": "100"}, "missing_lines": [], "excluded_lines": [], "start_line": 141}, "KSinDataModule.__init__": {"executed_lines": [175, 178, 179, 180, 181, 184, 185, 186, 189, 190, 192, 193, 195], "summary": {"covered_lines": 13, "num_statements": 13, "percent_covered": 100.0, "percent_covered_display": "100", "missing_lines": 0, "excluded_lines": 0, "percent_statements_covered": 100.0, "percent_statements_covered_display": "100"}, "missing_lines": [], "excluded_lines": [], "start_line": 161}, "KSinDataModule.prepare_data": {"executed_lines": [198], "summary": {"covered_lines": 1, "num_statements": 1, "percent_covered": 100.0, "percent_covered_display": "100", "missing_lines": 0, "excluded_lines": 0, "percent_statements_covered": 100.0, "percent_statements_covered_display": "100"}, "missing_lines": [], "excluded_lines": [], "start_line": 197}, "KSinDataModule.setup": {"executed_lines": [201, 202, 212, 222, 230, 239, 249], "summary": {"covered_lines": 7, "num_statements": 7, "percent_covered": 100.0, "percent_covered_display": "100", "missing_lines": 0, "excluded_lines": 0, "percent_statements_covered": 100.0, "percent_statements_covered_display": "100"}, "missing_lines": [], "excluded_lines": [], "start_line": 200}, "KSinDataModule.train_dataloader": {"executed_lines": [259], "summary": {"covered_lines": 1, "num_statements": 1, "percent_covered": 100.0, "percent_covered_display": "100", "missing_lines": 0, "excluded_lines": 0, "percent_statements_covered": 100.0, "percent_statements_covered_display": "100"}, "missing_lines": [], "excluded_lines": [], "start_line": 258}, "KSinDataModule.val_dataloader": {"executed_lines": [262], "summary": {"covered_lines": 1, "num_statements": 1, "percent_covered": 100.0, "percent_covered_display": "100", "missing_lines": 0, "excluded_lines": 0, "percent_statements_covered": 100.0, "percent_statements_covered_display": "100"}, "missing_lines": [], "excluded_lines": [], "start_line": 261}, "KSinDataModule.test_dataloader": {"executed_lines": [265], "summary": {"covered_lines": 1, "num_statements": 1, "percent_covered": 100.0, "percent_covered_display": "100", "missing_lines": 0, "excluded_lines": 0, "percent_statements_covered": 100.0, "percent_statements_covered_display": "100"}, "missing_lines": [], "excluded_lines": [], "start_line": 264}, "KSinDataModule.predict_dataloader": {"executed_lines": [], "summary": {"covered_lines": 0, "num_statements": 0, "percent_covered": 100.0, "percent_covered_display": "100", "missing_lines": 0, "excluded_lines": 1, "percent_statements_covered": 100.0, "percent_statements_covered_display": "100"}, "missing_lines": [], "excluded_lines": [268], "start_line": 267}, "KSinDataModule.teardown": {"executed_lines": [271], "summary": {"covered_lines": 1, "num_statements": 1, "percent_covered": 100.0, "percent_covered_display": "100", "missing_lines": 0, "excluded_lines": 0, "percent_statements_covered": 100.0, "percent_statements_covered_display": "100"}, "missing_lines": [], "excluded_lines": [], "start_line": 270}, "": {"executed_lines": [1, 2, 3, 5, 6, 8, 9, 11, 14, 25, 36, 55, 74, 75, 108, 117, 138, 141, 153, 161, 197, 200, 258, 261, 264, 267, 270], "summary": {"covered_lines": 27, "num_statements": 27, "percent_covered": 100.0, "percent_covered_display": "100", "missing_lines": 0, "excluded_lines": 6, "percent_statements_covered": 100.0, "percent_statements_covered_display": "100"}, "missing_lines": [], "excluded_lines": [274, 275, 276, 277, 278, 279], "start_line": 1}}, "classes": {"KSinDataset": {"executed_lines": [86, 87, 89, 95, 96, 97, 99, 101, 102, 104, 106, 109, 118, 120, 129, 131, 133, 136, 139, 143, 144, 145, 148, 149, 150], "summary": {"covered_lines": 25, "num_statements": 28, "percent_covered": 89.28571428571429, "percent_covered_display": "89", "missing_lines": 3, "excluded_lines": 0, "percent_statements_covered": 89.28571428571429, "percent_statements_covered_display": "89"}, "missing_lines": [90, 121, 134], "excluded_lines": [], "start_line": 74}, "KSinDataModule": {"executed_lines": [175, 178, 179, 180, 181, 184, 185, 186, 189, 190, 192, 193, 195, 198, 201, 202, 212, 222, 230, 239, 249, 259, 262, 265, 271], "summary": {"covered_lines": 25, "num_statements": 25, "percent_covered": 100.0, "percent_covered_display": "100", "missing_lines": 0, "excluded_lines": 1, "percent_statements_covered": 100.0, "percent_statements_covered_display": "100"}, "missing_lines": [], "excluded_lines": [268], "start_line": 153}, "": {"executed_lines": [1, 2, 3, 5, 6, 8, 9, 11, 14, 20, 25, 31, 36, 55, 56, 57, 59, 64, 66, 67, 68, 69, 71, 74, 75, 108, 117, 138, 141, 153, 161, 197, 200, 258, 261, 264, 267, 270], "summary": {"covered_lines": 38, "num_statements": 45, "percent_covered": 84.44444444444444, "percent_covered_display": "84", "missing_lines": 7, "excluded_lines": 6, "percent_statements_covered": 84.44444444444444, "percent_statements_covered_display": "84"}, "missing_lines": [47, 48, 50, 52, 60, 61, 62], "excluded_lines": [274, 275, 276, 277, 278, 279], "start_line": 1}}}, "src/data/mnist_datamodule.py": {"executed_lines": [1, 3, 4, 5, 6, 7, 10, 55, 71, 75, 78, 82, 83, 84, 86, 88, 89, 96, 104, 105, 107, 118, 126, 127, 128, 129, 130, 136, 141, 149, 154, 162, 167, 175, 184, 191], "summary": {"covered_lines": 36, "num_statements": 43, "percent_covered": 83.72093023255815, "percent_covered_display": "84", "missing_lines": 7, "excluded_lines": 2, "percent_statements_covered": 83.72093023255815, "percent_statements_covered_display": "84"}, "missing_lines": [94, 119, 120, 123, 182, 189, 197], "excluded_lines": [200, 201], "functions": {"MNISTDataModule.__init__": {"executed_lines": [71, 75, 78, 82, 83, 84, 86], "summary": {"covered_lines": 7, "num_statements": 7, "percent_covered": 100.0, "percent_covered_display": "100", "missing_lines": 0, "excluded_lines": 0, "percent_statements_covered": 100.0, "percent_statements_covered_display": "100"}, "missing_lines": [], "excluded_lines": [], "start_line": 55}, "MNISTDataModule.num_classes": {"executed_lines": [], "summary": {"covered_lines": 0, "num_statements": 1, "percent_covered": 0.0, "percent_covered_display": "0", "missing_lines": 1, "excluded_lines": 0, "percent_statements_covered": 0.0, "percent_statements_covered_display": "0"}, "missing_lines": [94], "excluded_lines": [], "start_line": 89}, "MNISTDataModule.prepare_data": {"executed_lines": [104, 105], "summary": {"covered_lines": 2, "num_statements": 2, "percent_covered": 100.0, "percent_covered_display": "100", "missing_lines": 0, "excluded_lines": 0, "percent_statements_covered": 100.0, "percent_statements_covered_display": "100"}, "missing_lines": [], "excluded_lines": [], "start_line": 96}, "MNISTDataModule.setup": {"executed_lines": [118, 126, 127, 128, 129, 130], "summary": {"covered_lines": 6, "num_statements": 9, "percent_covered": 66.66666666666667, "percent_covered_display": "67", "missing_lines": 3, "excluded_lines": 0, "percent_statements_covered": 66.66666666666667, "percent_statements_covered_display": "67"}, "missing_lines": [119, 120, 123], "excluded_lines": [], "start_line": 107}, "MNISTDataModule.train_dataloader": {"executed_lines": [141], "summary": {"covered_lines": 1, "num_statements": 1, "percent_covered": 100.0, "percent_covered_display": "100", "missing_lines": 0,
[...]
amodules.py": {"executed_lines": [1, 3, 4, 6, 9, 10, 17, 19, 20, 22, 23, 24, 26, 27, 28, 30, 31, 33, 34, 35, 36, 37, 38], "summary": {"covered_lines": 23, "num_statements": 23, "percent_covered": 100.0, "percent_covered_display": "100", "missing_lines": 0, "excluded_lines": 0, "percent_statements_covered": 100.0, "percent_statements_covered_display": "100"}, "missing_lines": [], "excluded_lines": [], "functions": {"test_mnist_datamodule": {"executed_lines": [17, 19, 20, 22, 23, 24, 26, 27, 28, 30, 31, 33, 34, 35, 36, 37, 38], "summary": {"covered_lines": 17, "num_statements": 17, "percent_covered": 100.0, "percent_covered_display": "100", "missing_lines": 0, "excluded_lines": 0, "percent_statements_covered": 100.0, "percent_statements_covered_display": "100"}, "missing_lines": [], "excluded_lines": [], "start_line": 10}, "": {"executed_lines": [1, 3, 4, 6, 9, 10], "summary": {"covered_lines": 6, "num_statements": 6, "percent_covered": 100.0, "percent_covered_display": "100", "missing_lines": 0, "excluded_lines": 0, "percent_statements_covered": 100.0, "percent_statements_covered_display": "100"}, "missing_lines": [], "excluded_lines": [], "start_line": 1}}, "classes": {"": {"executed_lines": [1, 3, 4, 6, 9, 10, 17, 19, 20, 22, 23, 24, 26, 27, 28, 30, 31, 33, 34, 35, 36, 37, 38], "summary": {"covered_lines": 23, "num_statements": 23, "percent_covered": 100.0, "percent_covered_display": "100", "missing_lines": 0, "excluded_lines": 0, "percent_statements_covered": 100.0, "percent_statements_covered_display": "100"}, "missing_lines": [], "excluded_lines": [], "start_line": 1}}}, "tests/test_eval.py": {"executed_lines": [1, 2, 4, 5, 6, 8, 9, 12, 13], "summary": {"covered_lines": 9, "num_statements": 22, "percent_covered": 40.90909090909091, "percent_covered_display": "41", "missing_lines": 13, "excluded_lines": 0, "percent_statements_covered": 40.90909090909091, "percent_statements_covered_display": "41"}, "missing_lines": [23, 25, 26, 27, 29, 30, 32, 34, 35, 37, 38, 40, 41], "excluded_lines": [], "functions": {"test_train_eval": {"executed_lines": [], "summary": {"covered_lines": 0, "num_statements": 13, "percent_covered": 0.0, "percent_covered_display": "0", "missing_lines": 13, "excluded_lines": 0, "percent_statements_covered": 0.0, "percent_statements_covered_display": "0"}, "missing_lines": [23, 25, 26, 27, 29, 30, 32, 34, 35, 37, 38, 40, 41], "excluded_lines": [], "start_line": 13}, "": {"executed_lines": [1, 2, 4, 5, 6, 8, 9, 12, 13], "summary": {"covered_lines": 9, "num_statements": 9, "percent_covered": 100.0, "percent_covered_display": "100", "missing_lines": 0, "excluded_lines": 0, "percent_statements_covered": 100.0, "percent_statements_covered_display": "100"}, "missing_lines": [], "excluded_lines": [], "start_line": 1}}, "classes": {"": {"executed_lines": [1, 2, 4, 5, 6, 8, 9, 12, 13], "summary": {"covered_lines": 9, "num_statements": 22, "percent_covered": 40.90909090909091, "percent_covered_display": "41", "missing_lines": 13, "excluded_lines": 0, "percent_statements_covered": 40.90909090909091, "percent_statements_covered_display": "41"}, "missing_lines": [23, 25, 26, 27, 29, 30, 32, 34, 35, 37, 38, 40, 41], "excluded_lines": [], "start_line": 1}}}, "tests/test_logging_utils.py": {"executed_lines": [7, 8, 9, 10, 12, 14, 21, 24, 25, 27, 28, 31, 33, 45, 48, 51, 53, 54, 56, 57, 58, 60, 62, 64, 68, 70, 72, 74, 76, 77, 79, 80, 88, 91, 99, 101, 103, 110, 112, 114, 116, 117, 119, 123, 125, 133, 136, 138, 139, 141, 143, 145, 146, 148], "summary": {"covered_lines": 54, "num_statements": 54, "percent_covered": 100.0, "percent_covered_display": "100", "missing_lines": 0, "excluded_lines": 0, "percent_statements_covered": 100.0, "percent_statements_covered_display": "100"}, "missing_lines": [], "excluded_lines": [], "functions": {"FakeWandbConfig.__init__": {"executed_lines": [25], "summary": {"covered_lines": 1, "num_statements": 1, "percent_covered": 100.0, "percent_covered_display": "100", "missing_lines": 0, "excluded_lines": 0, "percent_statements_covered": 100.0, "percent_statements_covered_display": "100"}, "missing_lines": [], "excluded_lines": [], "start_line": 24}, "FakeWandbConfig.update": {"executed_lines": [28], "summary": {"covered_lines": 1, "num_statements": 1, "percent_covered": 100.0, "percent_covered_display": "100", "missing_lines": 0, "excluded_lines": 0, "percent_statements_covered": 100.0, "percent_statements_covered_display": "100"}, "missing_lines": [], "excluded_lines": [], "start_line": 27}, "make_fake_wandb": {"executed_lines": [33], "summary": {"covered_lines": 1, "num_statements": 1, "percent_covered": 100.0, "percent_covered_display": "100", "missing_lines": 0, "excluded_lines": 0, "percent_statements_covered": 100.0, "percent_statements_covered_display": "100"}, "missing_lines": [], "excluded_lines": [], "start_line": 31}, "TestLogWandbProvenanceHappyPath.test_logs_git_sha_as_valid_hex": {"executed_lines": [51, 53, 54, 56, 57, 58], "summary": {"covered_lines": 6, "num_statements": 6, "percent_covered": 100.0, "percent_covered_display": "100", "missing_lines": 0, "excluded_lines": 0, "percent_statements_covered": 100.0, "percent_statements_covered_display": "100"}, "missing_lines": [], "excluded_lines": [], "start_line": 48}, "TestLogWandbProvenanceHappyPath.test_logs_image_tag_from_env": {"executed_lines": [62, 64, 68, 70], "summary": {"covered_lines": 4, "num_statements": 4, "percent_covered": 100.0, "percent_covered_display": "100", "missing_lines": 0, "excluded_lines": 0, "percent_statements_covered": 100.0, "percent_statements_covered_display": "100"}, "missing_lines": [], "excluded_lines": [], "start_line": 60}, "TestLogWandbProvenanceHappyPath.test_logs_command_from_argv": {"executed_lines": [74, 76, 77, 79, 80], "summary": {"covered_lines": 5, "num_statements": 5, "percent_covered": 100.0, "percent_covered_display": "100", "missing_lines": 0, "excluded_lines": 0, "percent_statements_covered": 100.0, "percent_statements_covered_display": "100"}, "missing_lines": [], "excluded_lines": [], "start_line": 72}, "TestLogWandbProvenanceFallbacks.test_git_sha_unknown_on_subprocess_error": {"executed_lines": [101, 103, 110, 112], "summary": {"covered_lines": 4, "num_statements": 4, "percent_covered": 100.0, "percent_covered_display": "100", "missing_lines": 0, "excluded_lines": 0, "percent_statements_covered": 100.0, "percent_statements_covered_display": "100"}, "missing_lines": [], "excluded_lines": [], "start_line": 99}, "TestLogWandbProvenanceFallbacks.test_image_tag_unknown_when_env_unset": {"executed_lines": [116, 117, 119, 123, 125], "summary": {"covered_lines": 5, "num_statements": 5, "percent_covered": 100.0, "percent_covered_display": "100", "missing_lines": 0, "excluded_lines": 0, "percent_statements_covered": 100.0, "percent_statements_covered_display": "100"}, "missing_lines": [], "excluded_lines": [], "start_line": 114}, "TestLogWandbProvenanceGuards.test_noop_when_wandb_not_installed": {"executed_lines": [138, 139], "summary": {"covered_lines": 2, "num_statements": 2, "percent_covered": 100.0, "percent_covered_display": "100", "missing_lines": 0, "excluded_lines": 0, "percent_statements_covered": 100.0, "percent_statements_covered_display": "100"}, "missing_lines": [], "excluded_lines": [], "start_line": 136}, "TestLogWandbProvenanceGuards.test_noop_when_no_active_run": {"executed_lines": [143, 145, 146, 148], "summary": {"covered_lines": 4, "num_statements": 4, "percent_covered": 100.0, "percent_covered_display": "100", "missing_lines": 0, "excluded_lines": 0, "percent_statements_covered": 100.0, "percent_statements_covered_display": "100"}, "missing_lines": [], "excluded_lines": [], "start_line": 141}, "": {"executed_lines": [7, 8, 9, 10, 12, 14, 21, 24, 27, 31, 45, 48, 60, 72, 88, 91, 99, 114, 133, 136, 141], "summary": {"covered_lines": 21, "num_statements": 21, "percent_covered": 100.0, "percent_covered_display": "100", "missing_lines": 0, "excluded_lines": 0, "percent_statements_covered": 100.0, "percent_statements_covered_display": "100"}, "missing_lines": [], "excluded_lines": [], "start_line": 1}}, "classes": {"FakeWandbConfig": {"executed_lines": [25, 28], "summary": {"covered_lines": 2, "num_statements": 2, "percent_covered": 100.0, "percent_covered_display": "100", "missing_lines": 0, "excluded_lines": 0, "percent_statements_covered": 100.0, "percent_statements_covered_display": "100"}, "missing_lines": [], "excluded_lines": [], "start_line": 21}, "TestLogWandbProvenanceHappyPath": {"executed_lines": [51, 53, 54, 56, 57, 58, 62, 64, 68, 70, 74, 76, 77, 79, 80], "summary": {"covered_lines": 15, "num_statements": 15, "percent_covered": 100.0, "percent_covered_display": "100", "missing_lines": 0, "excluded_lines": 0, "percent_statements_covered": 100.0, "percent_statements_covered_display": "100"}, "missing_lines": [], "excluded_lines": [], "start_line": 45}, "TestLogWandbProvenanceFallbacks": {"executed_lines": [101, 103, 110, 112, 116, 117, 119, 123, 125], "summary": {"covered_lines": 9, "num_statements": 9, "percent_covered": 100.0, "percent_covered_display": "100", "missing_lines": 0, "excluded_lines": 0, "percent_statements_covered": 100.0, "percent_statements_covered_display": "100"}, "missing_lines": [], "excluded_lines": [], "start_line": 88}, "TestLogWandbProvenanceGuards": {"executed_lines": [138, 139, 143, 145, 146, 148], "summary": {"covered_lines": 6, "num_statements": 6, "percent_covered": 100.0, "percent_covered_display": "100", "missing_lines": 0, "excluded_lines": 0, "percent_statements_covered": 100.0, "percent_statements_covered_display": "100"}, "missing_lines": [], "excluded_lines": [], "start_line": 133}, "": {"executed_lines": [7, 8, 9, 10, 12, 14, 21, 24, 27, 31, 33, 45, 48, 60, 72, 88, 91, 99, 114, 133, 136, 141], "summary": {"covered_lines": 22, "num_statements": 22, "percent_covered": 100.0, "percent_covered_display": "100", "missing_lines": 0, "excluded_lines": 0, "percent_statements_covered": 100.0, "percent_statements_covered_display": "100"}, "missing_lines": [], "excluded_lines": [], "start_line": 1}}}, "tests/test_properties.py": {"executed_lines": [3, 4, 5, 6, 7, 10, 11, 12, 20, 21], "summary": {"covered_lines": 10, "num_statements": 15, "percent_covered": 66.66666666666667, "percent_covered_display": "67", "missing_lines": 5, "excluded_lines": 0, "percent_statements_covered": 66.66666666666667, "percent_statements_covered_display": "67"}, "missing_lines": [25, 26, 27, 28, 31], "excluded_lines": [], "functions": {"test_arbitrary_dict_does_not_crash_omegaconf": {"executed_lines": [], "summary": {"covered_lines": 0, "num_statements": 5, "percent_covered": 0.0, "percent_covered_display": "0", "missing_lines": 5, "excluded_lines": 0, "percent_statements_covered": 0.0, "percent_statements_covered_display": "0"}, "missing_lines": [25, 26, 27, 28, 31], "excluded_lines": [], "start_line": 21}, "": {"executed_lines": [3, 4, 5, 6, 7, 10, 11, 12, 20, 21], "summary": {"covered_lines": 10, "num_statements": 10, "percent_covered": 100.0, "percent_covered_display": "100", "missing_lines": 0, "excluded_lines": 0, "percent_statements_covered": 100.0, "percent_statements_covered_display": "100"}, "missing_lines": [], "excluded_lines": [], "start_line": 1}}, "classes": {"": {"executed_lines": [3, 4, 5, 6, 7, 10, 11, 12, 20, 21], "summary": {"covered_lines": 10, "num_statements": 15, "percent_covered": 66.66666666666667, "percent_covered_display": "67", "missing_lines": 5, "excluded_lines": 0, "percent_statements_covered": 66.66666666666667, "percent_statements_covered_display": "67"}, "missing_lines": [25, 26, 27, 28, 31], "excluded_lines": [], "start_line": 1}}}, "tests/test_sweeps.py": {"executed_lines": [1, 3, 5, 6, 8, 9, 12, 13, 14, 29, 30, 31, 47, 48, 49, 68, 69, 70, 87, 88, 89], "summary": {"covered_lines": 21, "num_statements": 31, "percent_covered": 67.74193548387096, "percent_covered_display": "68", "missing_lines": 10, "excluded_lines": 0, "percent_statements_covered": 67.74193548387096, "percent_statements_covered_display": "68"}, "missing_lines": [19, 26, 36, 44, 54, 65, 75, 84, 94, 107], "excluded_lines": [], "functions": {"test_experiments": {"executed_lines": [], "summary": {"covered_lines": 0, "num_statements": 2, "percent_covered": 0.0, "percent_covered_display": "0", "missing_lines": 2, "excluded_lines": 0, "percent_statements_covered": 0.0, "percent_statements_covered_display": "0"}, "missing_lines": [19, 26], "excluded_lines": [], "start_line": 14}, "test_hydra_sweep": {"executed_lines": [], "summary": {"covered_lines": 0, "num_statements": 2, "percent_covered": 0.0, "percent_covered_display": "0", "missing_lines": 2, "excluded_lines": 0, "percent_statements_covered": 0.0, "percent_statements_covered_display": "0"}, "missing_lines": [36, 44], "excluded_lines": [], "start_line": 31}, "test_hydra_sweep_ddp_sim": {"executed_lines": [], "summary": {"covered_lines": 0, "num_statements": 2, "percent_covered": 0.0, "percent_covered_display": "0", "missing_lines": 2, "excluded_lines": 0, "percent_statements_covered": 0.0, "percent_statements_covered_display": "0"}, "missing_lines": [54, 65], "excluded_lines": [], "start_line": 49}, "test_optuna_sweep": {"executed_lines": [], "summary": {"covered_lines": 0, "num_statements": 2, "percent_covered": 0.0, "percent_covered_display": "0", "missing_lines": 2, "excluded_lines": 0, "percent_statements_covered": 0.0, "percent_statements_covered_display": "0"}, "missing_lines": [75, 84], "excluded_lines": [], "start_line": 70}, "test_optuna_sweep_ddp_sim_wandb": {"executed_lines": [], "summary": {"covered_lines": 0, "num_statements": 2, "percent_covered": 0.0, "percent_covered_display": "0", "missing_lines": 2, "excluded_lines": 0, "percent_statements_covered": 0.0, "percent_statements_covered_display": "0"}, "missing_lines": [94, 107], "excluded_lines": [], "start_line": 89}, "": {"executed_lines": [1, 3, 5, 6, 8, 9, 12, 13, 14, 29, 30, 31, 47, 48, 49, 68, 69, 70, 87, 88, 89], "summary": {"covered_lines": 21, "num_statements": 21, "percent_covered": 100.0, "percent_covered_display": "100", "missing_lines": 0, "excluded_lines": 0, "percent_statements_covered": 100.0, "percent_statements_covered_display": "100"}, "missing_lines": [], "excluded_lines": [], "start_line": 1}}, "classes": {"": {"executed_lines": [1, 3, 5, 6, 8, 9, 12, 13, 14, 29, 30, 31, 47, 48, 49, 68, 69, 70, 87, 88, 89], "summary": {"covered_lines": 21, "num_statements": 31, "percent_covered": 67.74193548387096, "percent_covered_display": "68", "missing_lines": 10, "excluded_lines": 0, "percent_statements_covered": 67.74193548387096, "percent_statements_covered_display": "68"}, "missing_lines": [19, 26, 36, 44, 54, 65, 75, 84, 94, 107], "excluded_lines": [], "start_line": 1}}}, "tests/test_train.py": {"executed_lines": [1, 2, 4, 5, 6, 8, 9, 15, 22, 23, 26, 27, 28, 29, 30, 31, 32, 33, 34, 35, 38, 39, 52, 53, 54, 68, 69, 70, 71, 84, 85, 86, 87, 101, 102, 114, 115, 129, 130], "summary": {"covered_lines": 39, "num_statements": 91, "percent_covered": 42.857142857142854, "percent_covered_display": "43", "missing_lines": 52, "excluded_lines": 0, "percent_statements_covered": 42.857142857142854, "percent_statements_covered_display": "43"}, "missing_lines": [44, 45, 46, 47, 48, 49, 60, 61, 62, 63, 64, 65, 76, 77, 78, 79, 80, 81, 92, 93, 94, 95, 96, 97, 107, 108, 109, 110, 111, 120, 121, 122, 123, 124, 125, 126, 138, 139, 141, 142, 144, 145, 146, 148, 149, 150, 152, 154, 155, 156, 158, 159], "excluded_lines": [], "functions": {"test_train_fast_dev_run_tiny_model_tiny_data": {"executed_lines": [22, 23, 26, 27, 28, 29, 30, 31, 32, 33, 34, 35], "summary": {"covered_lines": 12, "num_statements": 12, "percent_covered": 100.0, "percent_covered_display": "100", "missing_lines": 0, "excluded_lines": 0, "percent_statements_covered": 100.0, "percent_statements_covered_display": "100"}, "missing_lines": [], "excluded_lines": [], "start_line": 15}, "test_train_fast_dev_run": {"executed_lines": [], "summary": {"covered_lines": 0, "num_statements": 6, "percent_covered": 0.0, "percent_covered_display": "0", "missing_lines": 6, "excluded_lines": 0, "percent_statements_covered": 0.0, "percent_statements_covered_display": "0"}, "missing_lines": [44, 45, 46, 47, 48, 49], "excluded_lines": [], "start_line": 39}, "test_train_fast_dev_run_gpu": {"executed_lines": [], "summary": {"covered_lines": 0, "num_statements": 6, "percent_covered": 0.0, "percent_covered_display": "0", "missing_lines": 6, "excluded_lines": 0, "percent_statements_covered": 0.0, "percent_statements_covered_display": "0"}, "missing_lines": [60, 61, 62, 63, 64, 65], "excluded_lines": [], "start_line": 54}, "test_train_fast_dev_run_gpu_compile": {"executed_lines": [], "summary": {"covered_lines": 0, "num_statements": 6, "percent_covered": 0.0, "percent_covered_display": "0", "missing_lines": 6, "excluded_lines": 0, "percent_statements_covered": 0.0, "percent_statements_covered_display": "0"}, "missing_lines": [76, 77, 78, 79, 80, 81], "excluded_lines": [], "start_line": 71}, "test_train_epoch_gpu_amp": {"executed_lines": [], "summary": {"covered_lines": 0, "num_statements": 6, "percent_covered": 0.0, "percent_covered_display": "0", "missing_lines": 6, "excluded_lines": 0, "percent_statements_covered": 0.0, "percent_statements_covered_display": "0"}, "missing_lines": [92, 93, 94, 95, 96, 97], "excluded_lines": [], "start_line": 87}, "test_train_epoch_double_val_loop": {"executed_lines": [], "summary": {"covered_lines": 0, "num_statements": 5, "percent_covered": 0.0, "percent_covered_display": "0", "missing_lines": 5, "excluded_lines": 0, "percent_statements_covered": 0.0, "percent_statements_covered_display": "0"}, "missing_lines": [107, 108, 109, 110, 111], "excluded_lines": [], "start_line": 102}, "test_train_ddp_sim": {"executed_lines": [], "summary": {"covered_lines": 0, "num_statements": 7, "percent_covered": 0.0, "percent_covered_display": "0", "missing_lines": 7, "excluded_lines": 0, "percent_statements_covered": 0.0, "percent_statements_covered_display": "0"}, "missing_lines": [120, 121, 122, 123, 124, 125, 126], "excluded_lines": [], "start_line": 115}, "test_train_resume": {"executed_lines": [], "summary": {"covered_lines": 0, "num_statements": 16, "percent_covered": 0.0, "percent_covered_display": "0", "missing_lines": 16, "excluded_lines": 0, "percent_statements_covered": 0.0, "percent_statements_covered_display": "0"}, "missing_lines": [138, 139, 141, 142, 144, 145, 146, 148, 149, 150, 152, 154, 155, 156, 158, 159], "excluded_lines": [], "start_line": 130}, "": {"executed_lines": [1, 2, 4, 5, 6, 8, 9, 15, 38, 39, 52, 53, 54, 68, 69, 70, 71, 84, 85, 86, 87, 101, 102, 114, 115, 129, 130], "summary": {"covered_lines": 27, "num_statements": 27, "percent_covered": 100.0, "percent_covered_display": "100", "missing_lines": 0, "excluded_lines": 0, "percent_statements_covered": 100.0, "percent_statements_covered_display": "100"}, "missing_lines": [], "excluded_lines": [], "start_line": 1}}, "classes": {"": {"executed_lines": [1, 2, 4, 5, 6, 8, 9, 15, 22, 23, 26, 27, 28, 29, 30, 31, 32, 33, 34, 35, 38, 39, 52, 53, 54, 68, 69, 70, 71, 84, 85, 86, 87, 101, 102, 114, 115, 129, 130], "summary": {"covered_lines": 39, "num_statements": 91, "percent_covered": 42.857142857142854, "percent_covered_display": "43", "missing_lines": 52, "excluded_lines": 0, "percent_statements_covered": 42.857142857142854, "percent_statements_covered_display": "43"}, "missing_lines": [44, 45, 46, 47, 48, 49, 60, 61, 62, 63, 64, 65, 76, 77, 78, 79, 80, 81, 92, 93, 94, 95, 96, 97, 107, 108, 109, 110, 111, 120, 121, 122, 123, 124, 125, 126, 138, 139, 141, 142, 144, 145, 146, 148, 149, 150, 152, 154, 155, 156, 158, 159], "excluded_lines": [], "start_line": 1}}}}, "totals": {"covered_lines": 2798, "num_statements": 5246, "percent_covered": 53.335874952344646, "percent_covered_display": "53", "missing_lines": 2448, "excluded_lines": 80, "percent_statements_covered": 53.335874952344646, "percent_statements_covered_display": "53"}}